[ 2016-05-26T11:37:15+08:00 ] ::1 /GetHot/index.php/Home/Admin/sport
INFO: [ app_init ] --START--
INFO: Run Behavior\BuildLiteBehavior [ RunTime:0.000031s ]
INFO: [ app_init ] --END-- [ RunTime:0.000551s ]
INFO: [ app_begin ] --START--
INFO: Run Behavior\ReadHtmlCacheBehavior [ RunTime:0.001246s ]
INFO: [ app_begin ] --END-- [ RunTime:0.001402s ]
NOTIC: [8192] mysql_connect(): The mysql extension is deprecated and will be removed in the future: use mysqli or PDO instead C:\wamp4\www\GetHot\ThinkPHP\Library\Think\Db\Driver\Mysql.class.php 第 52 行.
SQL: SHOW COLUMNS FROM `gh_sport` [ RunTime:0.004536s ]
SQL: SELECT COUNT(*) AS tp_count FROM `gh_sport` WHERE `type` = '0' LIMIT 1   [ RunTime:0.001212s ]
SQL: SHOW COLUMNS FROM `gh_label` [ RunTime:0.006054s ]
SQL: SELECT * FROM `gh_label` WHERE `type` = '0' LIMIT 1   [ RunTime:0.000346s ]
SQL: SHOW COLUMNS FROM `gh_detail_tags` [ RunTime:0.004516s ]
ERR: 1146:Table 'gethot.gh_detail_tags' doesn't exist
 [ SQL语句 ] : SHOW COLUMNS FROM `gh_detail_tags`
SQL: SELECT * FROM `gh_detail_tags` WHERE `type` = '0' ORDER BY count desc LIMIT 100   [ RunTime:0.000623s ]
ERR: 1146:Table 'gethot.gh_detail_tags' doesn't exist
 [ SQL语句 ] : SELECT * FROM `gh_detail_tags` WHERE `type` = '0' ORDER BY count desc LIMIT 100  
INFO: [ view_parse ] --START--
INFO: [ template_filter ] --START--
INFO: Run Behavior\ContentReplaceBehavior [ RunTime:0.000198s ]
INFO: [ template_filter ] --END-- [ RunTime:0.000373s ]
INFO: Run Behavior\ParseTemplateBehavior [ RunTime:0.014616s ]
INFO: [ view_parse ] --END-- [ RunTime:0.014855s ]
INFO: [ view_filter ] --START--
INFO: Run Behavior\WriteHtmlCacheBehavior [ RunTime:0.000638s ]
INFO: [ view_filter ] --END-- [ RunTime:0.000825s ]
INFO: [ app_end ] --START--
INFO: Run Behavior\ShowPageTraceBehavior [ RunTime:0.001170s ]
INFO: [ app_end ] --END-- [ RunTime:0.001390s ]

[ 2016-05-26T11:37:16+08:00 ] ::1 /GetHot/index.php/Home/Admin/sport_list
INFO: [ app_init ] --START--
INFO: Run Behavior\BuildLiteBehavior [ RunTime:0.000072s ]
INFO: [ app_init ] --END-- [ RunTime:0.000938s ]
INFO: [ app_begin ] --START--
INFO: Run Behavior\ReadHtmlCacheBehavior [ RunTime:0.001055s ]
INFO: [ app_begin ] --END-- [ RunTime:0.001268s ]
NOTIC: [8192] mysql_connect(): The mysql extension is deprecated and will be removed in the future: use mysqli or PDO instead C:\wamp4\www\GetHot\ThinkPHP\Library\Think\Db\Driver\Mysql.class.php 第 52 行.
SQL: SHOW COLUMNS FROM `gh_sport` [ RunTime:0.005885s ]
SQL: SELECT * FROM `gh_sport` WHERE `type` = '0' ORDER BY id desc LIMIT 0,10   [ RunTime:0.000555s ]
SQL: SELECT COUNT(*) AS tp_count FROM `gh_sport` WHERE `type` = '0' LIMIT 1   [ RunTime:0.000459s ]

[ 2016-05-26T11:37:17+08:00 ] ::1 /GetHot/index.php/Home/Admin/game
INFO: [ app_init ] --START--
INFO: Run Behavior\BuildLiteBehavior [ RunTime:0.000027s ]
INFO: [ app_init ] --END-- [ RunTime:0.000637s ]
INFO: [ app_begin ] --START--
INFO: Run Behavior\ReadHtmlCacheBehavior [ RunTime:0.000648s ]
INFO: [ app_begin ] --END-- [ RunTime:0.000762s ]
NOTIC: [8192] mysql_connect(): The mysql extension is deprecated and will be removed in the future: use mysqli or PDO instead C:\wamp4\www\GetHot\ThinkPHP\Library\Think\Db\Driver\Mysql.class.php 第 52 行.
SQL: SHOW COLUMNS FROM `gh_sport` [ RunTime:0.004793s ]
SQL: SELECT COUNT(*) AS tp_count FROM `gh_sport` WHERE `type` = '1' LIMIT 1   [ RunTime:0.000367s ]
SQL: SHOW COLUMNS FROM `gh_label` [ RunTime:0.003628s ]
SQL: SELECT * FROM `gh_label` WHERE `type` = '1' LIMIT 1   [ RunTime:0.000277s ]
SQL: SHOW COLUMNS FROM `gh_detail_tags` [ RunTime:0.003239s ]
ERR: 1146:Table 'gethot.gh_detail_tags' doesn't exist
 [ SQL语句 ] : SHOW COLUMNS FROM `gh_detail_tags`
SQL: SELECT * FROM `gh_detail_tags` WHERE `type` = '1' ORDER BY count LIMIT 100   [ RunTime:0.000360s ]
ERR: 1146:Table 'gethot.gh_detail_tags' doesn't exist
 [ SQL语句 ] : SELECT * FROM `gh_detail_tags` WHERE `type` = '1' ORDER BY count LIMIT 100  
INFO: [ view_parse ] --START--
INFO: [ template_filter ] --START--
INFO: Run Behavior\ContentReplaceBehavior [ RunTime:0.000146s ]
INFO: [ template_filter ] --END-- [ RunTime:0.000302s ]
INFO: Run Behavior\ParseTemplateBehavior [ RunTime:0.010582s ]
INFO: [ view_parse ] --END-- [ RunTime:0.010730s ]
INFO: [ view_filter ] --START--
INFO: Run Behavior\WriteHtmlCacheBehavior [ RunTime:0.000512s ]
INFO: [ view_filter ] --END-- [ RunTime:0.000615s ]
INFO: [ app_end ] --START--
INFO: Run Behavior\ShowPageTraceBehavior [ RunTime:0.001024s ]
INFO: [ app_end ] --END-- [ RunTime:0.001179s ]

[ 2016-05-26T11:37:17+08:00 ] ::1 /GetHot/index.php/Home/Admin/game_list
INFO: [ app_init ] --START--
INFO: Run Behavior\BuildLiteBehavior [ RunTime:0.000048s ]
INFO: [ app_init ] --END-- [ RunTime:0.000908s ]
INFO: [ app_begin ] --START--
INFO: Run Behavior\ReadHtmlCacheBehavior [ RunTime:0.000652s ]
INFO: [ app_begin ] --END-- [ RunTime:0.000779s ]
NOTIC: [8192] mysql_connect(): The mysql extension is deprecated and will be removed in the future: use mysqli or PDO instead C:\wamp4\www\GetHot\ThinkPHP\Library\Think\Db\Driver\Mysql.class.php 第 52 行.
SQL: SHOW COLUMNS FROM `gh_sport` [ RunTime:0.009175s ]
SQL: SELECT * FROM `gh_sport` WHERE `type` = '1' ORDER BY id desc LIMIT 0,10   [ RunTime:0.000423s ]
SQL: SELECT COUNT(*) AS tp_count FROM `gh_sport` WHERE `type` = '1' LIMIT 1   [ RunTime:0.000234s ]

[ 2016-05-26T11:37:19+08:00 ] ::1 /GetHot/index.php/Home/Admin/sport
INFO: [ app_init ] --START--
INFO: Run Behavior\BuildLiteBehavior [ RunTime:0.000047s ]
INFO: [ app_init ] --END-- [ RunTime:0.000817s ]
INFO: [ app_begin ] --START--
INFO: Run Behavior\ReadHtmlCacheBehavior [ RunTime:0.000600s ]
INFO: [ app_begin ] --END-- [ RunTime:0.000730s ]
NOTIC: [8192] mysql_connect(): The mysql extension is deprecated and will be removed in the future: use mysqli or PDO instead C:\wamp4\www\GetHot\ThinkPHP\Library\Think\Db\Driver\Mysql.class.php 第 52 行.
SQL: SHOW COLUMNS FROM `gh_sport` [ RunTime:0.004600s ]
SQL: SELECT COUNT(*) AS tp_count FROM `gh_sport` WHERE `type` = '0' LIMIT 1   [ RunTime:0.000287s ]
SQL: SHOW COLUMNS FROM `gh_label` [ RunTime:0.003901s ]
SQL: SELECT * FROM `gh_label` WHERE `type` = '0' LIMIT 1   [ RunTime:0.000386s ]
SQL: SHOW COLUMNS FROM `gh_detail_tags` [ RunTime:0.004606s ]
ERR: 1146:Table 'gethot.gh_detail_tags' doesn't exist
 [ SQL语句 ] : SHOW COLUMNS FROM `gh_detail_tags`
SQL: SELECT * FROM `gh_detail_tags` WHERE `type` = '0' ORDER BY count desc LIMIT 100   [ RunTime:0.000527s ]
ERR: 1146:Table 'gethot.gh_detail_tags' doesn't exist
 [ SQL语句 ] : SELECT * FROM `gh_detail_tags` WHERE `type` = '0' ORDER BY count desc LIMIT 100  
INFO: [ view_parse ] --START--
INFO: [ template_filter ] --START--
INFO: Run Behavior\ContentReplaceBehavior [ RunTime:0.000234s ]
INFO: [ template_filter ] --END-- [ RunTime:0.000426s ]
INFO: Run Behavior\ParseTemplateBehavior [ RunTime:0.014334s ]
INFO: [ view_parse ] --END-- [ RunTime:0.014552s ]
INFO: [ view_filter ] --START--
INFO: Run Behavior\WriteHtmlCacheBehavior [ RunTime:0.000650s ]
INFO: [ view_filter ] --END-- [ RunTime:0.000851s ]
INFO: [ app_end ] --START--
INFO: Run Behavior\ShowPageTraceBehavior [ RunTime:0.000905s ]
INFO: [ app_end ] --END-- [ RunTime:0.001104s ]

[ 2016-05-26T11:37:19+08:00 ] ::1 /GetHot/index.php/Home/Admin/sport_list
INFO: [ app_init ] --START--
INFO: Run Behavior\BuildLiteBehavior [ RunTime:0.000048s ]
INFO: [ app_init ] --END-- [ RunTime:0.000867s ]
INFO: [ app_begin ] --START--
INFO: Run Behavior\ReadHtmlCacheBehavior [ RunTime:0.001029s ]
INFO: [ app_begin ] --END-- [ RunTime:0.001291s ]
NOTIC: [8192] mysql_connect(): The mysql extension is deprecated and will be removed in the future: use mysqli or PDO instead C:\wamp4\www\GetHot\ThinkPHP\Library\Think\Db\Driver\Mysql.class.php 第 52 行.
SQL: SHOW COLUMNS FROM `gh_sport` [ RunTime:0.008388s ]
SQL: SELECT * FROM `gh_sport` WHERE `type` = '0' ORDER BY id desc LIMIT 0,10   [ RunTime:0.000398s ]
SQL: SELECT COUNT(*) AS tp_count FROM `gh_sport` WHERE `type` = '0' LIMIT 1   [ RunTime:0.000375s ]

[ 2016-05-26T11:37:34+08:00 ] ::1 /GetHot/index.php/Home/Admin/sport_list
INFO: [ app_init ] --START--
INFO: Run Behavior\BuildLiteBehavior [ RunTime:0.000037s ]
INFO: [ app_init ] --END-- [ RunTime:0.000839s ]
INFO: [ app_begin ] --START--
INFO: Run Behavior\ReadHtmlCacheBehavior [ RunTime:0.001288s ]
INFO: [ app_begin ] --END-- [ RunTime:0.001527s ]
NOTIC: [8192] mysql_connect(): The mysql extension is deprecated and will be removed in the future: use mysqli or PDO instead C:\wamp4\www\GetHot\ThinkPHP\Library\Think\Db\Driver\Mysql.class.php 第 52 行.
SQL: SHOW COLUMNS FROM `gh_sport` [ RunTime:0.004860s ]
SQL: SELECT * FROM `gh_sport` WHERE `type` = '0' ORDER BY id desc LIMIT 0,10   [ RunTime:0.000392s ]
SQL: SELECT COUNT(*) AS tp_count FROM `gh_sport` WHERE `type` = '0' LIMIT 1   [ RunTime:0.000778s ]

[ 2016-05-26T11:37:35+08:00 ] ::1 /GetHot/index.php/Home/Admin/cancelAll
INFO: [ app_init ] --START--
INFO: Run Behavior\BuildLiteBehavior [ RunTime:0.000035s ]
INFO: [ app_init ] --END-- [ RunTime:0.000855s ]
INFO: [ app_begin ] --START--
INFO: Run Behavior\ReadHtmlCacheBehavior [ RunTime:0.000711s ]
INFO: [ app_begin ] --END-- [ RunTime:0.000835s ]
NOTIC: [8192] mysql_connect(): The mysql extension is deprecated and will be removed in the future: use mysqli or PDO instead C:\wamp4\www\GetHot\ThinkPHP\Library\Think\Db\Driver\Mysql.class.php 第 52 行.
SQL: SHOW COLUMNS FROM `gh_sport` [ RunTime:0.005286s ]
NOTIC: [8] Uninitialized string offset: 0 C:\wamp4\www\GetHot\Application\Home\Controller\AdminController.class.php 第 971 行.
SQL: UPDATE `gh_sport` SET `status`='0' WHERE ( id= ) [ RunTime:0.000541s ]
ERR: 1064:You have an error in your SQL syntax; check the manual that corresponds to your MySQL server version for the right syntax to use near ')' at line 1
 [ SQL语句 ] : UPDATE `gh_sport` SET `status`='0' WHERE ( id= )

[ 2016-05-26T11:37:35+08:00 ] ::1 /GetHot/index.php/Home/Admin/sport_list
INFO: [ app_init ] --START--
INFO: Run Behavior\BuildLiteBehavior [ RunTime:0.000053s ]
INFO: [ app_init ] --END-- [ RunTime:0.000796s ]
INFO: [ app_begin ] --START--
INFO: Run Behavior\ReadHtmlCacheBehavior [ RunTime:0.000896s ]
INFO: [ app_begin ] --END-- [ RunTime:0.001092s ]
NOTIC: [8192] mysql_connect(): The mysql extension is deprecated and will be removed in the future: use mysqli or PDO instead C:\wamp4\www\GetHot\ThinkPHP\Library\Think\Db\Driver\Mysql.class.php 第 52 行.
SQL: SHOW COLUMNS FROM `gh_sport` [ RunTime:0.004340s ]
SQL: SELECT * FROM `gh_sport` WHERE `type` = '0' ORDER BY id desc LIMIT 0,10   [ RunTime:0.000294s ]
SQL: SELECT COUNT(*) AS tp_count FROM `gh_sport` WHERE `type` = '0' LIMIT 1   [ RunTime:0.000181s ]

[ 2016-05-26T11:37:38+08:00 ] ::1 /GetHot/index.php/Home/Admin/publishAll
INFO: [ app_init ] --START--
INFO: Run Behavior\BuildLiteBehavior [ RunTime:0.000025s ]
INFO: [ app_init ] --END-- [ RunTime:0.000606s ]
INFO: [ app_begin ] --START--
INFO: Run Behavior\ReadHtmlCacheBehavior [ RunTime:0.000541s ]
INFO: [ app_begin ] --END-- [ RunTime:0.000635s ]
NOTIC: [8192] mysql_connect(): The mysql extension is deprecated and will be removed in the future: use mysqli or PDO instead C:\wamp4\www\GetHot\ThinkPHP\Library\Think\Db\Driver\Mysql.class.php 第 52 行.
SQL: SHOW COLUMNS FROM `gh_sport` [ RunTime:0.005556s ]
NOTIC: [8] Uninitialized string offset: 0 C:\wamp4\www\GetHot\Application\Home\Controller\AdminController.class.php 第 945 行.
SQL: UPDATE `gh_sport` SET `status`='1' WHERE ( id= ) [ RunTime:0.000165s ]
ERR: 1064:You have an error in your SQL syntax; check the manual that corresponds to your MySQL server version for the right syntax to use near ')' at line 1
 [ SQL语句 ] : UPDATE `gh_sport` SET `status`='1' WHERE ( id= )

[ 2016-05-26T11:37:38+08:00 ] ::1 /GetHot/index.php/Home/Admin/sport_list
INFO: [ app_init ] --START--
INFO: Run Behavior\BuildLiteBehavior [ RunTime:0.000060s ]
INFO: [ app_init ] --END-- [ RunTime:0.000994s ]
INFO: [ app_begin ] --START--
INFO: Run Behavior\ReadHtmlCacheBehavior [ RunTime:0.000636s ]
INFO: [ app_begin ] --END-- [ RunTime:0.000765s ]
NOTIC: [8192] mysql_connect(): The mysql extension is deprecated and will be removed in the future: use mysqli or PDO instead C:\wamp4\www\GetHot\ThinkPHP\Library\Think\Db\Driver\Mysql.class.php 第 52 行.
SQL: SHOW COLUMNS FROM `gh_sport` [ RunTime:0.006383s ]
SQL: SELECT * FROM `gh_sport` WHERE `type` = '0' ORDER BY id desc LIMIT 0,10   [ RunTime:0.000353s ]
SQL: SELECT COUNT(*) AS tp_count FROM `gh_sport` WHERE `type` = '0' LIMIT 1   [ RunTime:0.000295s ]

[ 2016-05-26T11:37:40+08:00 ] ::1 /GetHot/index.php/Home/Admin/deleteAll
INFO: [ app_init ] --START--
INFO: Run Behavior\BuildLiteBehavior [ RunTime:0.000040s ]
INFO: [ app_init ] --END-- [ RunTime:0.000603s ]
INFO: [ app_begin ] --START--
INFO: Run Behavior\ReadHtmlCacheBehavior [ RunTime:0.000674s ]
INFO: [ app_begin ] --END-- [ RunTime:0.000801s ]
NOTIC: [8192] mysql_connect(): The mysql extension is deprecated and will be removed in the future: use mysqli or PDO instead C:\wamp4\www\GetHot\ThinkPHP\Library\Think\Db\Driver\Mysql.class.php 第 52 行.
SQL: SHOW COLUMNS FROM `gh_sport_url` [ RunTime:0.007959s ]
NOTIC: [8] Uninitialized string offset: 0 C:\wamp4\www\GetHot\Application\Home\Controller\AdminController.class.php 第 916 行.
SQL: DELETE FROM `gh_sport_url` WHERE ( sport_id= ) [ RunTime:0.000466s ]
ERR: 1064:You have an error in your SQL syntax; check the manual that corresponds to your MySQL server version for the right syntax to use near ')' at line 1
 [ SQL语句 ] : DELETE FROM `gh_sport_url` WHERE ( sport_id= )
SQL: SHOW COLUMNS FROM `gh_sport` [ RunTime:0.004218s ]
NOTIC: [8] Uninitialized string offset: 0 C:\wamp4\www\GetHot\Application\Home\Controller\AdminController.class.php 第 920 行.
SQL: DELETE FROM `gh_sport` WHERE ( id= ) [ RunTime:0.000195s ]
ERR: 1064:You have an error in your SQL syntax; check the manual that corresponds to your MySQL server version for the right syntax to use near ')' at line 1
 [ SQL语句 ] : DELETE FROM `gh_sport` WHERE ( id= )

[ 2016-05-26T11:37:40+08:00 ] ::1 /GetHot/index.php/Home/Admin/sport_list
INFO: [ app_init ] --START--
INFO: Run Behavior\BuildLiteBehavior [ RunTime:0.000030s ]
INFO: [ app_init ] --END-- [ RunTime:0.000541s ]
INFO: [ app_begin ] --START--
INFO: Run Behavior\ReadHtmlCacheBehavior [ RunTime:0.000965s ]
INFO: [ app_begin ] --END-- [ RunTime:0.001166s ]
NOTIC: [8192] mysql_connect(): The mysql extension is deprecated and will be removed in the future: use mysqli or PDO instead C:\wamp4\www\GetHot\ThinkPHP\Library\Think\Db\Driver\Mysql.class.php 第 52 行.
SQL: SHOW COLUMNS FROM `gh_sport` [ RunTime:0.007021s ]
SQL: SELECT * FROM `gh_sport` WHERE `type` = '0' ORDER BY id desc LIMIT 0,10   [ RunTime:0.000424s ]
SQL: SELECT COUNT(*) AS tp_count FROM `gh_sport` WHERE `type` = '0' LIMIT 1   [ RunTime:0.000916s ]

[ 2016-05-26T11:40:06+08:00 ] ::1 /GetHot/index.php/Home/Admin/game
INFO: [ app_init ] --START--
INFO: Run Behavior\BuildLiteBehavior [ RunTime:0.000028s ]
INFO: [ app_init ] --END-- [ RunTime:0.000583s ]
INFO: [ app_begin ] --START--
INFO: Run Behavior\ReadHtmlCacheBehavior [ RunTime:0.001248s ]
INFO: [ app_begin ] --END-- [ RunTime:0.001510s ]
NOTIC: [8192] mysql_connect(): The mysql extension is deprecated and will be removed in the future: use mysqli or PDO instead C:\wamp4\www\GetHot\ThinkPHP\Library\Think\Db\Driver\Mysql.class.php 第 52 行.
SQL: SHOW COLUMNS FROM `gh_sport` [ RunTime:0.006485s ]
SQL: SELECT COUNT(*) AS tp_count FROM `gh_sport` WHERE `type` = '1' LIMIT 1   [ RunTime:0.000545s ]
SQL: SHOW COLUMNS FROM `gh_label` [ RunTime:0.004618s ]
SQL: SELECT * FROM `gh_label` WHERE `type` = '1' LIMIT 1   [ RunTime:0.000260s ]
SQL: SHOW COLUMNS FROM `gh_detail_tags` [ RunTime:0.003409s ]
ERR: 1146:Table 'gethot.gh_detail_tags' doesn't exist
 [ SQL语句 ] : SHOW COLUMNS FROM `gh_detail_tags`
SQL: SELECT * FROM `gh_detail_tags` WHERE `type` = '1' ORDER BY count LIMIT 100   [ RunTime:0.000396s ]
ERR: 1146:Table 'gethot.gh_detail_tags' doesn't exist
 [ SQL语句 ] : SELECT * FROM `gh_detail_tags` WHERE `type` = '1' ORDER BY count LIMIT 100  
INFO: [ view_parse ] --START--
INFO: [ template_filter ] --START--
INFO: Run Behavior\ContentReplaceBehavior [ RunTime:0.000141s ]
INFO: [ template_filter ] --END-- [ RunTime:0.000262s ]
INFO: Run Behavior\ParseTemplateBehavior [ RunTime:0.012414s ]
INFO: [ view_parse ] --END-- [ RunTime:0.012591s ]
INFO: [ view_filter ] --START--
INFO: Run Behavior\WriteHtmlCacheBehavior [ RunTime:0.000495s ]
INFO: [ view_filter ] --END-- [ RunTime:0.000603s ]
INFO: [ app_end ] --START--
INFO: Run Behavior\ShowPageTraceBehavior [ RunTime:0.000762s ]
INFO: [ app_end ] --END-- [ RunTime:0.000947s ]

[ 2016-05-26T11:40:06+08:00 ] ::1 /GetHot/index.php/Home/Admin/game_list
INFO: [ app_init ] --START--
INFO: Run Behavior\BuildLiteBehavior [ RunTime:0.000027s ]
INFO: [ app_init ] --END-- [ RunTime:0.000505s ]
INFO: [ app_begin ] --START--
INFO: Run Behavior\ReadHtmlCacheBehavior [ RunTime:0.000890s ]
INFO: [ app_begin ] --END-- [ RunTime:0.001075s ]
NOTIC: [8192] mysql_connect(): The mysql extension is deprecated and will be removed in the future: use mysqli or PDO instead C:\wamp4\www\GetHot\ThinkPHP\Library\Think\Db\Driver\Mysql.class.php 第 52 行.
SQL: SHOW COLUMNS FROM `gh_sport` [ RunTime:0.007461s ]
SQL: SELECT * FROM `gh_sport` WHERE `type` = '1' ORDER BY id desc LIMIT 0,10   [ RunTime:0.000395s ]
SQL: SELECT COUNT(*) AS tp_count FROM `gh_sport` WHERE `type` = '1' LIMIT 1   [ RunTime:0.000487s ]

[ 2016-05-26T11:40:07+08:00 ] ::1 /GetHot/index.php/Home/Admin/article
INFO: [ app_init ] --START--
INFO: Run Behavior\BuildLiteBehavior [ RunTime:0.000027s ]
INFO: [ app_init ] --END-- [ RunTime:0.000511s ]
INFO: [ app_begin ] --START--
INFO: Run Behavior\ReadHtmlCacheBehavior [ RunTime:0.000962s ]
INFO: [ app_begin ] --END-- [ RunTime:0.001156s ]
NOTIC: [8192] mysql_connect(): The mysql extension is deprecated and will be removed in the future: use mysqli or PDO instead C:\wamp4\www\GetHot\ThinkPHP\Library\Think\Db\Driver\Mysql.class.php 第 52 行.
SQL: SHOW COLUMNS FROM `gh_article` [ RunTime:0.003744s ]
SQL: SELECT COUNT(*) AS tp_count FROM `gh_article` WHERE `type` = '0' LIMIT 1   [ RunTime:0.000292s ]
SQL: SHOW COLUMNS FROM `gh_label` [ RunTime:0.004395s ]
SQL: SELECT * FROM `gh_label` WHERE `type` = '2' LIMIT 1   [ RunTime:0.000436s ]
SQL: SHOW COLUMNS FROM `gh_detail_tags` [ RunTime:0.003543s ]
ERR: 1146:Table 'gethot.gh_detail_tags' doesn't exist
 [ SQL语句 ] : SHOW COLUMNS FROM `gh_detail_tags`
SQL: SELECT * FROM `gh_detail_tags` WHERE `type` = '2' ORDER BY count LIMIT 100   [ RunTime:0.000397s ]
ERR: 1146:Table 'gethot.gh_detail_tags' doesn't exist
 [ SQL语句 ] : SELECT * FROM `gh_detail_tags` WHERE `type` = '2' ORDER BY count LIMIT 100  
INFO: [ view_parse ] --START--
INFO: [ template_filter ] --START--
INFO: Run Behavior\ContentReplaceBehavior [ RunTime:0.000198s ]
INFO: [ template_filter ] --END-- [ RunTime:0.000338s ]
INFO: Run Behavior\ParseTemplateBehavior [ RunTime:0.009870s ]
INFO: [ view_parse ] --END-- [ RunTime:0.010040s ]
INFO: [ view_filter ] --START--
INFO: Run Behavior\WriteHtmlCacheBehavior [ RunTime:0.000405s ]
INFO: [ view_filter ] --END-- [ RunTime:0.000518s ]
INFO: [ app_end ] --START--
INFO: Run Behavior\ShowPageTraceBehavior [ RunTime:0.000973s ]
INFO: [ app_end ] --END-- [ RunTime:0.001214s ]

[ 2016-05-26T11:40:07+08:00 ] ::1 /GetHot/index.php/Home/Admin/article_list
INFO: [ app_init ] --START--
INFO: Run Behavior\BuildLiteBehavior [ RunTime:0.000051s ]
INFO: [ app_init ] --END-- [ RunTime:0.000827s ]
INFO: [ app_begin ] --START--
INFO: Run Behavior\ReadHtmlCacheBehavior [ RunTime:0.000956s ]
INFO: [ app_begin ] --END-- [ RunTime:0.001183s ]
NOTIC: [8192] mysql_connect(): The mysql extension is deprecated and will be removed in the future: use mysqli or PDO instead C:\wamp4\www\GetHot\ThinkPHP\Library\Think\Db\Driver\Mysql.class.php 第 52 行.
SQL: SHOW COLUMNS FROM `gh_article` [ RunTime:0.007933s ]
SQL: SELECT * FROM `gh_article` WHERE `type` = '0' ORDER BY id desc LIMIT 0,10   [ RunTime:0.001118s ]
SQL: SELECT COUNT(*) AS tp_count FROM `gh_article` WHERE `type` = '0' LIMIT 1   [ RunTime:0.000857s ]

[ 2016-05-26T11:40:07+08:00 ] ::1 /GetHot/index.php/Home/Admin/sex
INFO: [ app_init ] --START--
INFO: Run Behavior\BuildLiteBehavior [ RunTime:0.000046s ]
INFO: [ app_init ] --END-- [ RunTime:0.000846s ]
INFO: [ app_begin ] --START--
INFO: Run Behavior\ReadHtmlCacheBehavior [ RunTime:0.000830s ]
INFO: [ app_begin ] --END-- [ RunTime:0.000974s ]
NOTIC: [8192] mysql_connect(): The mysql extension is deprecated and will be removed in the future: use mysqli or PDO instead C:\wamp4\www\GetHot\ThinkPHP\Library\Think\Db\Driver\Mysql.class.php 第 52 行.
SQL: SHOW COLUMNS FROM `gh_article` [ RunTime:0.006993s ]
SQL: SELECT COUNT(*) AS tp_count FROM `gh_article` WHERE `type` = '1' LIMIT 1   [ RunTime:0.000285s ]
SQL: SHOW COLUMNS FROM `gh_label` [ RunTime:0.003688s ]
SQL: SELECT * FROM `gh_label` WHERE `type` = '3' LIMIT 1   [ RunTime:0.000393s ]
SQL: SHOW COLUMNS FROM `gh_detail_tags` [ RunTime:0.003388s ]
ERR: 1146:Table 'gethot.gh_detail_tags' doesn't exist
 [ SQL语句 ] : SHOW COLUMNS FROM `gh_detail_tags`
SQL: SELECT * FROM `gh_detail_tags` WHERE `type` = '2' ORDER BY count LIMIT 100   [ RunTime:0.000682s ]
ERR: 1146:Table 'gethot.gh_detail_tags' doesn't exist
 [ SQL语句 ] : SELECT * FROM `gh_detail_tags` WHERE `type` = '2' ORDER BY count LIMIT 100  
INFO: [ view_parse ] --START--
INFO: [ template_filter ] --START--
INFO: Run Behavior\ContentReplaceBehavior [ RunTime:0.000150s ]
INFO: [ template_filter ] --END-- [ RunTime:0.000275s ]
INFO: Run Behavior\ParseTemplateBehavior [ RunTime:0.011069s ]
INFO: [ view_parse ] --END-- [ RunTime:0.011274s ]
INFO: [ view_filter ] --START--
INFO: Run Behavior\WriteHtmlCacheBehavior [ RunTime:0.000617s ]
INFO: [ view_filter ] --END-- [ RunTime:0.000804s ]
INFO: [ app_end ] --START--
INFO: Run Behavior\ShowPageTraceBehavior [ RunTime:0.001003s ]
INFO: [ app_end ] --END-- [ RunTime:0.001206s ]

[ 2016-05-26T11:40:08+08:00 ] ::1 /GetHot/index.php/Home/Admin/sex_list
INFO: [ app_init ] --START--
INFO: Run Behavior\BuildLiteBehavior [ RunTime:0.000047s ]
INFO: [ app_init ] --END-- [ RunTime:0.001012s ]
INFO: [ app_begin ] --START--
INFO: Run Behavior\ReadHtmlCacheBehavior [ RunTime:0.000857s ]
INFO: [ app_begin ] --END-- [ RunTime:0.001049s ]
NOTIC: [8192] mysql_connect(): The mysql extension is deprecated and will be removed in the future: use mysqli or PDO instead C:\wamp4\www\GetHot\ThinkPHP\Library\Think\Db\Driver\Mysql.class.php 第 52 行.
SQL: SHOW COLUMNS FROM `gh_article` [ RunTime:0.007423s ]
SQL: SELECT * FROM `gh_article` WHERE `type` = '1' ORDER BY id desc LIMIT 0,10   [ RunTime:0.000295s ]
SQL: SELECT COUNT(*) AS tp_count FROM `gh_article` WHERE `type` = '1' LIMIT 1   [ RunTime:0.000189s ]

[ 2016-05-26T11:40:08+08:00 ] ::1 /GetHot/index.php/Home/Admin/about
INFO: [ app_init ] --START--
INFO: Run Behavior\BuildLiteBehavior [ RunTime:0.000041s ]
INFO: [ app_init ] --END-- [ RunTime:0.000623s ]
INFO: [ app_begin ] --START--
INFO: Run Behavior\ReadHtmlCacheBehavior [ RunTime:0.000558s ]
INFO: [ app_begin ] --END-- [ RunTime:0.000685s ]
NOTIC: [8192] mysql_connect(): The mysql extension is deprecated and will be removed in the future: use mysqli or PDO instead C:\wamp4\www\GetHot\ThinkPHP\Library\Think\Db\Driver\Mysql.class.php 第 52 行.
SQL: SHOW COLUMNS FROM `gh_article` [ RunTime:0.004608s ]
SQL: SELECT COUNT(*) AS tp_count FROM `gh_article` WHERE `type` = '2' LIMIT 1   [ RunTime:0.000325s ]
SQL: SHOW COLUMNS FROM `gh_label` [ RunTime:0.004380s ]
SQL: SELECT * FROM `gh_label` WHERE `type` = '4' LIMIT 1   [ RunTime:0.000330s ]
INFO: [ view_parse ] --START--
INFO: [ template_filter ] --START--
INFO: Run Behavior\ContentReplaceBehavior [ RunTime:0.000143s ]
INFO: [ template_filter ] --END-- [ RunTime:0.000262s ]
INFO: Run Behavior\ParseTemplateBehavior [ RunTime:0.008521s ]
INFO: [ view_parse ] --END-- [ RunTime:0.008660s ]
INFO: [ view_filter ] --START--
INFO: Run Behavior\WriteHtmlCacheBehavior [ RunTime:0.000408s ]
INFO: [ view_filter ] --END-- [ RunTime:0.000511s ]
INFO: [ app_end ] --START--
INFO: Run Behavior\ShowPageTraceBehavior [ RunTime:0.000699s ]
INFO: [ app_end ] --END-- [ RunTime:0.000857s ]

[ 2016-05-26T11:40:08+08:00 ] ::1 /GetHot/index.php/Home/Admin/about_list
INFO: [ app_init ] --START--
INFO: Run Behavior\BuildLiteBehavior [ RunTime:0.000047s ]
INFO: [ app_init ] --END-- [ RunTime:0.000835s ]
INFO: [ app_begin ] --START--
INFO: Run Behavior\ReadHtmlCacheBehavior [ RunTime:0.001067s ]
INFO: [ app_begin ] --END-- [ RunTime:0.001269s ]
NOTIC: [8192] mysql_connect(): The mysql extension is deprecated and will be removed in the future: use mysqli or PDO instead C:\wamp4\www\GetHot\ThinkPHP\Library\Think\Db\Driver\Mysql.class.php 第 52 行.
SQL: SHOW COLUMNS FROM `gh_article` [ RunTime:0.006357s ]
SQL: SELECT * FROM `gh_article` WHERE `type` = '2' ORDER BY id desc LIMIT 0,10   [ RunTime:0.000581s ]
SQL: SELECT COUNT(*) AS tp_count FROM `gh_article` WHERE `type` = '2' LIMIT 1   [ RunTime:0.000577s ]

[ 2016-05-26T14:11:31+08:00 ] ::1 /GetHot/index.php/Home/Admin/sport
INFO: [ app_init ] --START--
INFO: Run Behavior\BuildLiteBehavior [ RunTime:0.000057s ]
INFO: [ app_init ] --END-- [ RunTime:0.000953s ]
INFO: [ app_begin ] --START--
INFO: Run Behavior\ReadHtmlCacheBehavior [ RunTime:0.001087s ]
INFO: [ app_begin ] --END-- [ RunTime:0.001406s ]
NOTIC: [8192] mysql_connect(): The mysql extension is deprecated and will be removed in the future: use mysqli or PDO instead C:\wamp4\www\GetHot\ThinkPHP\Library\Think\Db\Driver\Mysql.class.php 第 52 行.
SQL: SHOW COLUMNS FROM `gh_sport` [ RunTime:0.004129s ]
SQL: SELECT COUNT(*) AS tp_count FROM `gh_sport` WHERE `type` = '0' LIMIT 1   [ RunTime:0.000310s ]
SQL: SHOW COLUMNS FROM `gh_label` [ RunTime:0.003948s ]
SQL: SELECT * FROM `gh_label` WHERE `type` = '0' LIMIT 1   [ RunTime:0.000442s ]
SQL: SHOW COLUMNS FROM `gh_detail_tags` [ RunTime:0.004979s ]
ERR: 1146:Table 'gethot.gh_detail_tags' doesn't exist
 [ SQL语句 ] : SHOW COLUMNS FROM `gh_detail_tags`
SQL: SELECT * FROM `gh_detail_tags` WHERE `type` = '0' ORDER BY count desc LIMIT 100   [ RunTime:0.000544s ]
ERR: 1146:Table 'gethot.gh_detail_tags' doesn't exist
 [ SQL语句 ] : SELECT * FROM `gh_detail_tags` WHERE `type` = '0' ORDER BY count desc LIMIT 100  
INFO: [ view_parse ] --START--
INFO: [ template_filter ] --START--
INFO: Run Behavior\ContentReplaceBehavior [ RunTime:0.000139s ]
INFO: [ template_filter ] --END-- [ RunTime:0.000262s ]
INFO: Run Behavior\ParseTemplateBehavior [ RunTime:0.013197s ]
INFO: [ view_parse ] --END-- [ RunTime:0.013427s ]
INFO: [ view_filter ] --START--
INFO: Run Behavior\WriteHtmlCacheBehavior [ RunTime:0.000701s ]
INFO: [ view_filter ] --END-- [ RunTime:0.000905s ]
INFO: [ app_end ] --START--
INFO: Run Behavior\ShowPageTraceBehavior [ RunTime:0.001086s ]
INFO: [ app_end ] --END-- [ RunTime:0.001325s ]

[ 2016-05-26T14:11:31+08:00 ] ::1 /GetHot/index.php/Home/Admin/sport_list
INFO: [ app_init ] --START--
INFO: Run Behavior\BuildLiteBehavior [ RunTime:0.000046s ]
INFO: [ app_init ] --END-- [ RunTime:0.000830s ]
INFO: [ app_begin ] --START--
INFO: Run Behavior\ReadHtmlCacheBehavior [ RunTime:0.000886s ]
INFO: [ app_begin ] --END-- [ RunTime:0.001084s ]
NOTIC: [8192] mysql_connect(): The mysql extension is deprecated and will be removed in the future: use mysqli or PDO instead C:\wamp4\www\GetHot\ThinkPHP\Library\Think\Db\Driver\Mysql.class.php 第 52 行.
SQL: SHOW COLUMNS FROM `gh_sport` [ RunTime:0.006030s ]
SQL: SELECT * FROM `gh_sport` WHERE `type` = '0' ORDER BY id desc LIMIT 0,10   [ RunTime:0.000460s ]
SQL: SELECT COUNT(*) AS tp_count FROM `gh_sport` WHERE `type` = '0' LIMIT 1   [ RunTime:0.000363s ]

