[ 2016-05-27T10:21:01+08:00 ] ::1 /GetHot/index.php/Home/Admin/sport
INFO: [ app_init ] --START--
INFO: Run Behavior\BuildLiteBehavior [ RunTime:0.000053s ]
INFO: [ app_init ] --END-- [ RunTime:0.001106s ]
INFO: [ app_begin ] --START--
INFO: Run Behavior\ReadHtmlCacheBehavior [ RunTime:0.001195s ]
INFO: [ app_begin ] --END-- [ RunTime:0.001361s ]
NOTIC: [8192] mysql_connect(): The mysql extension is deprecated and will be removed in the future: use mysqli or PDO instead C:\wamp4\www\GetHot\ThinkPHP\Library\Think\Db\Driver\Mysql.class.php 第 52 行.
SQL: SHOW COLUMNS FROM `gh_sport` [ RunTime:0.343388s ]
SQL: SELECT COUNT(*) AS tp_count FROM `gh_sport` WHERE `type` = '0' LIMIT 1   [ RunTime:0.000798s ]
SQL: SHOW COLUMNS FROM `gh_label` [ RunTime:0.029722s ]
SQL: SELECT * FROM `gh_label` WHERE `type` = '0' LIMIT 1   [ RunTime:0.000782s ]
SQL: SHOW COLUMNS FROM `gh_detail_tags` [ RunTime:0.043302s ]
SQL: SELECT * FROM `gh_detail_tags` WHERE `type` = '0' ORDER BY count desc LIMIT 100   [ RunTime:0.000737s ]
INFO: [ view_parse ] --START--
INFO: [ template_filter ] --START--
INFO: Run Behavior\ContentReplaceBehavior [ RunTime:0.000220s ]
INFO: [ template_filter ] --END-- [ RunTime:0.000401s ]
INFO: Run Behavior\ParseTemplateBehavior [ RunTime:0.032299s ]
INFO: [ view_parse ] --END-- [ RunTime:0.032564s ]
INFO: [ view_filter ] --START--
INFO: Run Behavior\WriteHtmlCacheBehavior [ RunTime:0.001046s ]
INFO: [ view_filter ] --END-- [ RunTime:0.001251s ]
INFO: [ app_end ] --START--
INFO: Run Behavior\ShowPageTraceBehavior [ RunTime:0.001852s ]
INFO: [ app_end ] --END-- [ RunTime:0.002096s ]

[ 2016-05-27T10:21:02+08:00 ] ::1 /GetHot/index.php/Home/Admin/sport_list
INFO: [ app_init ] --START--
INFO: Run Behavior\BuildLiteBehavior [ RunTime:0.000027s ]
INFO: [ app_init ] --END-- [ RunTime:0.000533s ]
INFO: [ app_begin ] --START--
INFO: Run Behavior\ReadHtmlCacheBehavior [ RunTime:0.000707s ]
INFO: [ app_begin ] --END-- [ RunTime:0.000822s ]
NOTIC: [8192] mysql_connect(): The mysql extension is deprecated and will be removed in the future: use mysqli or PDO instead C:\wamp4\www\GetHot\ThinkPHP\Library\Think\Db\Driver\Mysql.class.php 第 52 行.
SQL: SHOW COLUMNS FROM `gh_sport` [ RunTime:0.006727s ]
SQL: SELECT * FROM `gh_sport` WHERE `type` = '0' ORDER BY id desc LIMIT 0,10   [ RunTime:0.000596s ]
SQL: SELECT COUNT(*) AS tp_count FROM `gh_sport` WHERE `type` = '0' LIMIT 1   [ RunTime:0.000476s ]

[ 2016-05-27T19:30:45+08:00 ] ::1 /GetHot/index.php/Home/Admin/sport
INFO: [ app_init ] --START--
INFO: Run Behavior\BuildLiteBehavior [ RunTime:0.000025s ]
INFO: [ app_init ] --END-- [ RunTime:0.000520s ]
INFO: [ app_begin ] --START--
INFO: Run Behavior\ReadHtmlCacheBehavior [ RunTime:0.001036s ]
INFO: [ app_begin ] --END-- [ RunTime:0.001202s ]
NOTIC: [8192] mysql_connect(): The mysql extension is deprecated and will be removed in the future: use mysqli or PDO instead C:\wamp4\www\GetHot\ThinkPHP\Library\Think\Db\Driver\Mysql.class.php 第 52 行.
SQL: SHOW COLUMNS FROM `gh_sport` [ RunTime:0.006091s ]
SQL: SELECT COUNT(*) AS tp_count FROM `gh_sport` WHERE `type` = '0' LIMIT 1   [ RunTime:0.000385s ]
SQL: SHOW COLUMNS FROM `gh_label` [ RunTime:0.004124s ]
SQL: SELECT * FROM `gh_label` WHERE `type` = '0' LIMIT 1   [ RunTime:0.000417s ]
SQL: SHOW COLUMNS FROM `gh_detail_tags` [ RunTime:0.004217s ]
SQL: SELECT * FROM `gh_detail_tags` WHERE `type` = '0' ORDER BY count desc LIMIT 100   [ RunTime:0.000358s ]
INFO: [ view_parse ] --START--
INFO: [ template_filter ] --START--
INFO: Run Behavior\ContentReplaceBehavior [ RunTime:0.000132s ]
INFO: [ template_filter ] --END-- [ RunTime:0.000246s ]
INFO: Run Behavior\ParseTemplateBehavior [ RunTime:0.012151s ]
INFO: [ view_parse ] --END-- [ RunTime:0.012317s ]
INFO: [ view_filter ] --START--
INFO: Run Behavior\WriteHtmlCacheBehavior [ RunTime:0.000806s ]
INFO: [ view_filter ] --END-- [ RunTime:0.000913s ]
INFO: [ app_end ] --START--
INFO: Run Behavior\ShowPageTraceBehavior [ RunTime:0.001289s ]
INFO: [ app_end ] --END-- [ RunTime:0.001502s ]

[ 2016-05-27T19:30:46+08:00 ] ::1 /GetHot/index.php/Home/Admin/sport_list
INFO: [ app_init ] --START--
INFO: Run Behavior\BuildLiteBehavior [ RunTime:0.000033s ]
INFO: [ app_init ] --END-- [ RunTime:0.000519s ]
INFO: [ app_begin ] --START--
INFO: Run Behavior\ReadHtmlCacheBehavior [ RunTime:0.000776s ]
INFO: [ app_begin ] --END-- [ RunTime:0.000892s ]
NOTIC: [8192] mysql_connect(): The mysql extension is deprecated and will be removed in the future: use mysqli or PDO instead C:\wamp4\www\GetHot\ThinkPHP\Library\Think\Db\Driver\Mysql.class.php 第 52 行.
SQL: SHOW COLUMNS FROM `gh_sport` [ RunTime:0.004589s ]
SQL: SELECT * FROM `gh_sport` WHERE `type` = '0' ORDER BY id desc LIMIT 0,10   [ RunTime:0.000333s ]
SQL: SELECT COUNT(*) AS tp_count FROM `gh_sport` WHERE `type` = '0' LIMIT 1   [ RunTime:0.000211s ]

