[ 2016-06-22T22:04:06+08:00 ] ::1 /GetHot/
INFO: [ app_init ] --START--
INFO: Run Behavior\BuildLiteBehavior [ RunTime:0.000038s ]
INFO: [ app_init ] --END-- [ RunTime:0.001815s ]
INFO: [ app_begin ] --START--
INFO: Run Behavior\ReadHtmlCacheBehavior [ RunTime:0.001066s ]
INFO: [ app_begin ] --END-- [ RunTime:0.001202s ]
NOTIC: [8192] mysql_connect(): The mysql extension is deprecated and will be removed in the future: use mysqli or PDO instead C:\wamp4\www\GetHot\ThinkPHP\Library\Think\Db\Driver\Mysql.class.php 第 52 行.
SQL: SHOW COLUMNS FROM `gh_sport` [ RunTime:0.025403s ]
SQL: SELECT * FROM `gh_sport` WHERE `type` = '0' AND `status` = '1' AND `time` > '2016-06-22 22:04' ORDER BY time asc LIMIT 0,15   [ RunTime:0.048341s ]
NOTIC: [2] Invalid argument supplied for foreach() C:\wamp4\www\GetHot\Application\Home\Controller\IndexController.class.php 第 19 行.
NOTIC: [8] Undefined variable: newList C:\wamp4\www\GetHot\Application\Home\Controller\IndexController.class.php 第 39 行.
SQL: SELECT * FROM `gh_sport` WHERE `type` = '1' AND `status` = '1' AND `time` > '2016-06-22 22:04' ORDER BY time asc LIMIT 0,15   [ RunTime:0.000375s ]
NOTIC: [2] Invalid argument supplied for foreach() C:\wamp4\www\GetHot\Application\Home\Controller\IndexController.class.php 第 54 行.
NOTIC: [8] Undefined variable: newList C:\wamp4\www\GetHot\Application\Home\Controller\IndexController.class.php 第 73 行.
SQL: SHOW COLUMNS FROM `gh_article` [ RunTime:0.003367s ]
SQL: SELECT * FROM `gh_article` WHERE `type` = '0' AND `status` = '1' ORDER BY id desc LIMIT 0,15   [ RunTime:0.000422s ]
SQL: SELECT * FROM `gh_article` WHERE `type` = '1' AND `status` = '1' ORDER BY id desc LIMIT 0,15   [ RunTime:0.000316s ]
INFO: [ view_parse ] --START--
INFO: [ template_filter ] --START--
INFO: Run Behavior\ContentReplaceBehavior [ RunTime:0.000092s ]
INFO: [ template_filter ] --END-- [ RunTime:0.000209s ]
INFO: Run Behavior\ParseTemplateBehavior [ RunTime:0.017089s ]
INFO: [ view_parse ] --END-- [ RunTime:0.017285s ]
INFO: [ view_filter ] --START--
INFO: Run Behavior\WriteHtmlCacheBehavior [ RunTime:0.001108s ]
INFO: [ view_filter ] --END-- [ RunTime:0.001389s ]
INFO: [ app_end ] --START--
INFO: Run Behavior\ShowPageTraceBehavior [ RunTime:0.001168s ]
INFO: [ app_end ] --END-- [ RunTime:0.001342s ]

