[ 2016-06-13T22:49:12+08:00 ] ::1 /GetHot/index.php/Home/Admin/sport
INFO: [ app_init ] --START--
INFO: Run Behavior\BuildLiteBehavior [ RunTime:0.000033s ]
INFO: [ app_init ] --END-- [ RunTime:0.001451s ]
INFO: [ app_begin ] --START--
INFO: Run Behavior\ReadHtmlCacheBehavior [ RunTime:0.001153s ]
INFO: [ app_begin ] --END-- [ RunTime:0.001324s ]
NOTIC: [8192] mysql_connect(): The mysql extension is deprecated and will be removed in the future: use mysqli or PDO instead C:\wamp4\www\GetHot\ThinkPHP\Library\Think\Db\Driver\Mysql.class.php 第 52 行.
SQL: SHOW COLUMNS FROM `gh_sport` [ RunTime:0.049392s ]
SQL: SELECT COUNT(*) AS tp_count FROM `gh_sport` WHERE `type` = '0' LIMIT 1   [ RunTime:0.000548s ]
SQL: SHOW COLUMNS FROM `gh_label` [ RunTime:0.023629s ]
SQL: SELECT * FROM `gh_label` WHERE `type` = '0' LIMIT 1   [ RunTime:0.000303s ]
SQL: SHOW COLUMNS FROM `gh_detail_tags` [ RunTime:0.014350s ]
SQL: SELECT * FROM `gh_detail_tags` WHERE `type` = '0' ORDER BY count desc LIMIT 100   [ RunTime:0.000488s ]
INFO: [ view_parse ] --START--
INFO: [ template_filter ] --START--
INFO: Run Behavior\ContentReplaceBehavior [ RunTime:0.000144s ]
INFO: [ template_filter ] --END-- [ RunTime:0.000272s ]
INFO: Run Behavior\ParseTemplateBehavior [ RunTime:0.016160s ]
INFO: [ view_parse ] --END-- [ RunTime:0.016343s ]
INFO: [ view_filter ] --START--
INFO: Run Behavior\WriteHtmlCacheBehavior [ RunTime:0.000650s ]
INFO: [ view_filter ] --END-- [ RunTime:0.000755s ]
INFO: [ app_end ] --START--
INFO: Run Behavior\ShowPageTraceBehavior [ RunTime:0.001122s ]
INFO: [ app_end ] --END-- [ RunTime:0.001334s ]

[ 2016-06-13T22:49:12+08:00 ] ::1 /GetHot/index.php/Home/Admin/sport_list
INFO: [ app_init ] --START--
INFO: Run Behavior\BuildLiteBehavior [ RunTime:0.000029s ]
INFO: [ app_init ] --END-- [ RunTime:0.000570s ]
INFO: [ app_begin ] --START--
INFO: Run Behavior\ReadHtmlCacheBehavior [ RunTime:0.001123s ]
INFO: [ app_begin ] --END-- [ RunTime:0.001346s ]
NOTIC: [8192] mysql_connect(): The mysql extension is deprecated and will be removed in the future: use mysqli or PDO instead C:\wamp4\www\GetHot\ThinkPHP\Library\Think\Db\Driver\Mysql.class.php 第 52 行.
SQL: SHOW COLUMNS FROM `gh_sport` [ RunTime:0.003633s ]
SQL: SELECT * FROM `gh_sport` WHERE `type` = '0' ORDER BY id desc LIMIT 0,10   [ RunTime:0.000973s ]
SQL: SELECT COUNT(*) AS tp_count FROM `gh_sport` WHERE `type` = '0' LIMIT 1   [ RunTime:0.000559s ]

[ 2016-06-13T22:52:13+08:00 ] ::1 /GetHot/
INFO: [ app_init ] --START--
INFO: Run Behavior\BuildLiteBehavior [ RunTime:0.000031s ]
INFO: [ app_init ] --END-- [ RunTime:0.000769s ]
INFO: [ app_begin ] --START--
INFO: Run Behavior\ReadHtmlCacheBehavior [ RunTime:0.000704s ]
INFO: [ app_begin ] --END-- [ RunTime:0.000853s ]
NOTIC: [8192] mysql_connect(): The mysql extension is deprecated and will be removed in the future: use mysqli or PDO instead C:\wamp4\www\GetHot\ThinkPHP\Library\Think\Db\Driver\Mysql.class.php 第 52 行.
SQL: SHOW COLUMNS FROM `gh_sport` [ RunTime:0.004278s ]
SQL: SELECT * FROM `gh_sport` WHERE `type` = '0' AND `status` = '1' AND `time` > '2016-06-13 22:52' ORDER BY time asc LIMIT 0,15   [ RunTime:0.000486s ]
NOTIC: [2] Invalid argument supplied for foreach() C:\wamp4\www\GetHot\Application\Home\Controller\IndexController.class.php 第 19 行.
NOTIC: [8] Undefined variable: newList C:\wamp4\www\GetHot\Application\Home\Controller\IndexController.class.php 第 39 行.
SQL: SELECT * FROM `gh_sport` WHERE `type` = '1' AND `status` = '1' AND `time` > '2016-06-13 22:52' ORDER BY time asc LIMIT 0,15   [ RunTime:0.000355s ]
NOTIC: [2] Invalid argument supplied for foreach() C:\wamp4\www\GetHot\Application\Home\Controller\IndexController.class.php 第 54 行.
NOTIC: [8] Undefined variable: newList C:\wamp4\www\GetHot\Application\Home\Controller\IndexController.class.php 第 73 行.
SQL: SHOW COLUMNS FROM `gh_article` [ RunTime:0.353116s ]
SQL: SELECT * FROM `gh_article` WHERE `type` = '0' ORDER BY id desc LIMIT 0,15   [ RunTime:0.000824s ]
SQL: SELECT * FROM `gh_article` WHERE `type` = '1' ORDER BY id desc LIMIT 0,15   [ RunTime:0.000531s ]
INFO: [ view_parse ] --START--
INFO: [ template_filter ] --START--
INFO: Run Behavior\ContentReplaceBehavior [ RunTime:0.000181s ]
INFO: [ template_filter ] --END-- [ RunTime:0.000411s ]
INFO: Run Behavior\ParseTemplateBehavior [ RunTime:0.025012s ]
INFO: [ view_parse ] --END-- [ RunTime:0.025226s ]
INFO: [ view_filter ] --START--
INFO: Run Behavior\WriteHtmlCacheBehavior [ RunTime:0.000555s ]
INFO: [ view_filter ] --END-- [ RunTime:0.000681s ]
INFO: [ app_end ] --START--
INFO: Run Behavior\ShowPageTraceBehavior [ RunTime:0.000836s ]
INFO: [ app_end ] --END-- [ RunTime:0.001017s ]

[ 2016-06-13T22:52:40+08:00 ] ::1 /GetHot/
INFO: [ app_init ] --START--
INFO: Run Behavior\BuildLiteBehavior [ RunTime:0.000030s ]
INFO: [ app_init ] --END-- [ RunTime:0.000595s ]
INFO: [ app_begin ] --START--
INFO: Run Behavior\ReadHtmlCacheBehavior [ RunTime:0.000632s ]
INFO: [ app_begin ] --END-- [ RunTime:0.000746s ]
NOTIC: [8192] mysql_connect(): The mysql extension is deprecated and will be removed in the future: use mysqli or PDO instead C:\wamp4\www\GetHot\ThinkPHP\Library\Think\Db\Driver\Mysql.class.php 第 52 行.
SQL: SHOW COLUMNS FROM `gh_sport` [ RunTime:0.004649s ]
SQL: SELECT * FROM `gh_sport` WHERE `type` = '0' AND `status` = '1' AND `time` > '2016-06-13 22:52' ORDER BY time asc LIMIT 0,15   [ RunTime:0.000364s ]
NOTIC: [2] Invalid argument supplied for foreach() C:\wamp4\www\GetHot\Application\Home\Controller\IndexController.class.php 第 19 行.
NOTIC: [8] Undefined variable: newList C:\wamp4\www\GetHot\Application\Home\Controller\IndexController.class.php 第 39 行.
SQL: SELECT * FROM `gh_sport` WHERE `type` = '1' AND `status` = '1' AND `time` > '2016-06-13 22:52' ORDER BY time asc LIMIT 0,15   [ RunTime:0.000302s ]
NOTIC: [2] Invalid argument supplied for foreach() C:\wamp4\www\GetHot\Application\Home\Controller\IndexController.class.php 第 54 行.
NOTIC: [8] Undefined variable: newList C:\wamp4\www\GetHot\Application\Home\Controller\IndexController.class.php 第 73 行.
SQL: SHOW COLUMNS FROM `gh_article` [ RunTime:0.006437s ]
SQL: SELECT * FROM `gh_article` WHERE `type` = '0' ORDER BY id desc LIMIT 0,15   [ RunTime:0.000993s ]
SQL: SELECT * FROM `gh_article` WHERE `type` = '1' ORDER BY id desc LIMIT 0,15   [ RunTime:0.000395s ]
INFO: [ view_parse ] --START--
INFO: [ template_filter ] --START--
INFO: Run Behavior\ContentReplaceBehavior [ RunTime:0.000102s ]
INFO: [ template_filter ] --END-- [ RunTime:0.000238s ]
INFO: Run Behavior\ParseTemplateBehavior [ RunTime:0.016232s ]
INFO: [ view_parse ] --END-- [ RunTime:0.016367s ]
INFO: [ view_filter ] --START--
INFO: Run Behavior\WriteHtmlCacheBehavior [ RunTime:0.000478s ]
INFO: [ view_filter ] --END-- [ RunTime:0.000581s ]
INFO: [ app_end ] --START--
INFO: Run Behavior\ShowPageTraceBehavior [ RunTime:0.000852s ]
INFO: [ app_end ] --END-- [ RunTime:0.000985s ]

[ 2016-06-13T22:53:04+08:00 ] ::1 /GetHot/
INFO: [ app_init ] --START--
INFO: Run Behavior\BuildLiteBehavior [ RunTime:0.000028s ]
INFO: [ app_init ] --END-- [ RunTime:0.000591s ]
INFO: [ app_begin ] --START--
INFO: Run Behavior\ReadHtmlCacheBehavior [ RunTime:0.001012s ]
INFO: [ app_begin ] --END-- [ RunTime:0.001187s ]
NOTIC: [8192] mysql_connect(): The mysql extension is deprecated and will be removed in the future: use mysqli or PDO instead C:\wamp4\www\GetHot\ThinkPHP\Library\Think\Db\Driver\Mysql.class.php 第 52 行.
SQL: SHOW COLUMNS FROM `gh_sport` [ RunTime:0.005540s ]
SQL: SELECT * FROM `gh_sport` WHERE `type` = '0' AND `status` = '1' AND `time` > '2016-06-13 22:53' ORDER BY time asc LIMIT 0,15   [ RunTime:0.000721s ]
NOTIC: [2] Invalid argument supplied for foreach() C:\wamp4\www\GetHot\Application\Home\Controller\IndexController.class.php 第 19 行.
NOTIC: [8] Undefined variable: newList C:\wamp4\www\GetHot\Application\Home\Controller\IndexController.class.php 第 39 行.
SQL: SELECT * FROM `gh_sport` WHERE `type` = '1' AND `status` = '1' AND `time` > '2016-06-13 22:53' ORDER BY time asc LIMIT 0,15   [ RunTime:0.000460s ]
NOTIC: [2] Invalid argument supplied for foreach() C:\wamp4\www\GetHot\Application\Home\Controller\IndexController.class.php 第 54 行.
NOTIC: [8] Undefined variable: newList C:\wamp4\www\GetHot\Application\Home\Controller\IndexController.class.php 第 73 行.
SQL: SHOW COLUMNS FROM `gh_article` [ RunTime:0.004119s ]
SQL: SELECT * FROM `gh_article` WHERE `type` = '0' ORDER BY id desc LIMIT 0,15   [ RunTime:0.000588s ]
SQL: SELECT * FROM `gh_article` WHERE `type` = '1' ORDER BY id desc LIMIT 0,15   [ RunTime:0.000462s ]
INFO: [ view_parse ] --START--
INFO: [ template_filter ] --START--
INFO: Run Behavior\ContentReplaceBehavior [ RunTime:0.000178s ]
INFO: [ template_filter ] --END-- [ RunTime:0.000411s ]
INFO: Run Behavior\ParseTemplateBehavior [ RunTime:0.017897s ]
INFO: [ view_parse ] --END-- [ RunTime:0.018055s ]
INFO: [ view_filter ] --START--
INFO: Run Behavior\WriteHtmlCacheBehavior [ RunTime:0.000464s ]
INFO: [ view_filter ] --END-- [ RunTime:0.000571s ]
INFO: [ app_end ] --START--
INFO: Run Behavior\ShowPageTraceBehavior [ RunTime:0.000906s ]
INFO: [ app_end ] --END-- [ RunTime:0.001103s ]

[ 2016-06-13T22:53:31+08:00 ] ::1 /GetHot/index.php
INFO: [ app_init ] --START--
INFO: Run Behavior\BuildLiteBehavior [ RunTime:0.000028s ]
INFO: [ app_init ] --END-- [ RunTime:0.000544s ]
INFO: [ app_begin ] --START--
INFO: Run Behavior\ReadHtmlCacheBehavior [ RunTime:0.000597s ]
INFO: [ app_begin ] --END-- [ RunTime:0.000717s ]
NOTIC: [8192] mysql_connect(): The mysql extension is deprecated and will be removed in the future: use mysqli or PDO instead C:\wamp4\www\GetHot\ThinkPHP\Library\Think\Db\Driver\Mysql.class.php 第 52 行.
SQL: SHOW COLUMNS FROM `gh_sport` [ RunTime:0.005284s ]
SQL: SELECT * FROM `gh_sport` WHERE `type` = '0' AND `status` = '1' AND `time` > '2016-06-13 22:53' ORDER BY time asc LIMIT 0,15   [ RunTime:0.000397s ]
NOTIC: [2] Invalid argument supplied for foreach() C:\wamp4\www\GetHot\Application\Home\Controller\IndexController.class.php 第 19 行.
NOTIC: [8] Undefined variable: newList C:\wamp4\www\GetHot\Application\Home\Controller\IndexController.class.php 第 39 行.
SQL: SELECT * FROM `gh_sport` WHERE `type` = '1' AND `status` = '1' AND `time` > '2016-06-13 22:53' ORDER BY time asc LIMIT 0,15   [ RunTime:0.000281s ]
NOTIC: [2] Invalid argument supplied for foreach() C:\wamp4\www\GetHot\Application\Home\Controller\IndexController.class.php 第 54 行.
NOTIC: [8] Undefined variable: newList C:\wamp4\www\GetHot\Application\Home\Controller\IndexController.class.php 第 73 行.
SQL: SHOW COLUMNS FROM `gh_article` [ RunTime:0.005529s ]
SQL: SELECT * FROM `gh_article` WHERE `type` = '0' ORDER BY id desc LIMIT 0,15   [ RunTime:0.000455s ]
SQL: SELECT * FROM `gh_article` WHERE `type` = '1' ORDER BY id desc LIMIT 0,15   [ RunTime:0.000394s ]
INFO: [ view_parse ] --START--
INFO: [ template_filter ] --START--
INFO: Run Behavior\ContentReplaceBehavior [ RunTime:0.000097s ]
INFO: [ template_filter ] --END-- [ RunTime:0.000217s ]
INFO: Run Behavior\ParseTemplateBehavior [ RunTime:0.012941s ]
INFO: [ view_parse ] --END-- [ RunTime:0.013088s ]
INFO: [ view_filter ] --START--
INFO: Run Behavior\WriteHtmlCacheBehavior [ RunTime:0.000439s ]
INFO: [ view_filter ] --END-- [ RunTime:0.000547s ]
INFO: [ app_end ] --START--
INFO: Run Behavior\ShowPageTraceBehavior [ RunTime:0.000935s ]
INFO: [ app_end ] --END-- [ RunTime:0.001093s ]

[ 2016-06-13T22:54:33+08:00 ] ::1 /GetHot/
INFO: [ app_init ] --START--
INFO: Run Behavior\BuildLiteBehavior [ RunTime:0.000028s ]
INFO: [ app_init ] --END-- [ RunTime:0.000608s ]
INFO: [ app_begin ] --START--
INFO: Run Behavior\ReadHtmlCacheBehavior [ RunTime:0.000746s ]
INFO: [ app_begin ] --END-- [ RunTime:0.000861s ]
NOTIC: [8192] mysql_connect(): The mysql extension is deprecated and will be removed in the future: use mysqli or PDO instead C:\wamp4\www\GetHot\ThinkPHP\Library\Think\Db\Driver\Mysql.class.php 第 52 行.
SQL: SHOW COLUMNS FROM `gh_sport` [ RunTime:0.004727s ]
SQL: SELECT * FROM `gh_sport` WHERE `type` = '0' AND `status` = '1' AND `time` > '2016-06-13 22:54' ORDER BY time asc LIMIT 0,15   [ RunTime:0.000421s ]
NOTIC: [2] Invalid argument supplied for foreach() C:\wamp4\www\GetHot\Application\Home\Controller\IndexController.class.php 第 19 行.
NOTIC: [8] Undefined variable: newList C:\wamp4\www\GetHot\Application\Home\Controller\IndexController.class.php 第 39 行.
SQL: SELECT * FROM `gh_sport` WHERE `type` = '1' AND `status` = '1' AND `time` > '2016-06-13 22:54' ORDER BY time asc LIMIT 0,15   [ RunTime:0.000502s ]
NOTIC: [2] Invalid argument supplied for foreach() C:\wamp4\www\GetHot\Application\Home\Controller\IndexController.class.php 第 54 行.
NOTIC: [8] Undefined variable: newList C:\wamp4\www\GetHot\Application\Home\Controller\IndexController.class.php 第 73 行.
SQL: SHOW COLUMNS FROM `gh_article` [ RunTime:0.003778s ]
SQL: SELECT * FROM `gh_article` WHERE `type` = '0' ORDER BY id desc LIMIT 0,15   [ RunTime:0.000397s ]
SQL: SELECT * FROM `gh_article` WHERE `type` = '1' ORDER BY id desc LIMIT 0,15   [ RunTime:0.000350s ]
INFO: [ view_parse ] --START--
INFO: [ template_filter ] --START--
INFO: Run Behavior\ContentReplaceBehavior [ RunTime:0.000102s ]
INFO: [ template_filter ] --END-- [ RunTime:0.000226s ]
INFO: Run Behavior\ParseTemplateBehavior [ RunTime:0.016567s ]
INFO: [ view_parse ] --END-- [ RunTime:0.016694s ]
INFO: [ view_filter ] --START--
INFO: Run Behavior\WriteHtmlCacheBehavior [ RunTime:0.000447s ]
INFO: [ view_filter ] --END-- [ RunTime:0.000551s ]
INFO: [ app_end ] --START--
INFO: Run Behavior\ShowPageTraceBehavior [ RunTime:0.000769s ]
INFO: [ app_end ] --END-- [ RunTime:0.000934s ]

[ 2016-06-13T22:54:34+08:00 ] ::1 /GetHot/
INFO: [ app_init ] --START--
INFO: Run Behavior\BuildLiteBehavior [ RunTime:0.000030s ]
INFO: [ app_init ] --END-- [ RunTime:0.000656s ]
INFO: [ app_begin ] --START--
INFO: Run Behavior\ReadHtmlCacheBehavior [ RunTime:0.000631s ]
INFO: [ app_begin ] --END-- [ RunTime:0.000749s ]
NOTIC: [8192] mysql_connect(): The mysql extension is deprecated and will be removed in the future: use mysqli or PDO instead C:\wamp4\www\GetHot\ThinkPHP\Library\Think\Db\Driver\Mysql.class.php 第 52 行.
SQL: SHOW COLUMNS FROM `gh_sport` [ RunTime:0.004500s ]
SQL: SELECT * FROM `gh_sport` WHERE `type` = '0' AND `status` = '1' AND `time` > '2016-06-13 22:54' ORDER BY time asc LIMIT 0,15   [ RunTime:0.000436s ]
NOTIC: [2] Invalid argument supplied for foreach() C:\wamp4\www\GetHot\Application\Home\Controller\IndexController.class.php 第 19 行.
NOTIC: [8] Undefined variable: newList C:\wamp4\www\GetHot\Application\Home\Controller\IndexController.class.php 第 39 行.
SQL: SELECT * FROM `gh_sport` WHERE `type` = '1' AND `status` = '1' AND `time` > '2016-06-13 22:54' ORDER BY time asc LIMIT 0,15   [ RunTime:0.000343s ]
NOTIC: [2] Invalid argument supplied for foreach() C:\wamp4\www\GetHot\Application\Home\Controller\IndexController.class.php 第 54 行.
NOTIC: [8] Undefined variable: newList C:\wamp4\www\GetHot\Application\Home\Controller\IndexController.class.php 第 73 行.
SQL: SHOW COLUMNS FROM `gh_article` [ RunTime:0.004764s ]
SQL: SELECT * FROM `gh_article` WHERE `type` = '0' ORDER BY id desc LIMIT 0,15   [ RunTime:0.000403s ]
SQL: SELECT * FROM `gh_article` WHERE `type` = '1' ORDER BY id desc LIMIT 0,15   [ RunTime:0.000413s ]
INFO: [ view_parse ] --START--
INFO: [ template_filter ] --START--
INFO: Run Behavior\ContentReplaceBehavior [ RunTime:0.000099s ]
INFO: [ template_filter ] --END-- [ RunTime:0.000224s ]
INFO: Run Behavior\ParseTemplateBehavior [ RunTime:0.013301s ]
INFO: [ view_parse ] --END-- [ RunTime:0.013427s ]
INFO: [ view_filter ] --START--
INFO: Run Behavior\WriteHtmlCacheBehavior [ RunTime:0.000470s ]
INFO: [ view_filter ] --END-- [ RunTime:0.000573s ]
INFO: [ app_end ] --START--
INFO: Run Behavior\ShowPageTraceBehavior [ RunTime:0.000756s ]
INFO: [ app_end ] --END-- [ RunTime:0.000924s ]

[ 2016-06-13T22:54:34+08:00 ] ::1 /GetHot/
INFO: [ app_init ] --START--
INFO: Run Behavior\BuildLiteBehavior [ RunTime:0.000068s ]
INFO: [ app_init ] --END-- [ RunTime:0.001604s ]
INFO: [ app_begin ] --START--
INFO: Run Behavior\ReadHtmlCacheBehavior [ RunTime:0.000958s ]
INFO: [ app_begin ] --END-- [ RunTime:0.001229s ]
NOTIC: [8192] mysql_connect(): The mysql extension is deprecated and will be removed in the future: use mysqli or PDO instead C:\wamp4\www\GetHot\ThinkPHP\Library\Think\Db\Driver\Mysql.class.php 第 52 行.
SQL: SHOW COLUMNS FROM `gh_sport` [ RunTime:0.005009s ]
SQL: SELECT * FROM `gh_sport` WHERE `type` = '0' AND `status` = '1' AND `time` > '2016-06-13 22:54' ORDER BY time asc LIMIT 0,15   [ RunTime:0.000418s ]
NOTIC: [2] Invalid argument supplied for foreach() C:\wamp4\www\GetHot\Application\Home\Controller\IndexController.class.php 第 19 行.
NOTIC: [8] Undefined variable: newList C:\wamp4\www\GetHot\Application\Home\Controller\IndexController.class.php 第 39 行.
SQL: SELECT * FROM `gh_sport` WHERE `type` = '1' AND `status` = '1' AND `time` > '2016-06-13 22:54' ORDER BY time asc LIMIT 0,15   [ RunTime:0.000292s ]
NOTIC: [2] Invalid argument supplied for foreach() C:\wamp4\www\GetHot\Application\Home\Controller\IndexController.class.php 第 54 行.
NOTIC: [8] Undefined variable: newList C:\wamp4\www\GetHot\Application\Home\Controller\IndexController.class.php 第 73 行.
SQL: SHOW COLUMNS FROM `gh_article` [ RunTime:0.004148s ]
SQL: SELECT * FROM `gh_article` WHERE `type` = '0' ORDER BY id desc LIMIT 0,15   [ RunTime:0.000810s ]
SQL: SELECT * FROM `gh_article` WHERE `type` = '1' ORDER BY id desc LIMIT 0,15   [ RunTime:0.000523s ]
INFO: [ view_parse ] --START--
INFO: [ template_filter ] --START--
INFO: Run Behavior\ContentReplaceBehavior [ RunTime:0.000134s ]
INFO: [ template_filter ] --END-- [ RunTime:0.000300s ]
INFO: Run Behavior\ParseTemplateBehavior [ RunTime:0.016056s ]
INFO: [ view_parse ] --END-- [ RunTime:0.016228s ]
INFO: [ view_filter ] --START--
INFO: Run Behavior\WriteHtmlCacheBehavior [ RunTime:0.000432s ]
INFO: [ view_filter ] --END-- [ RunTime:0.000542s ]
INFO: [ app_end ] --START--
INFO: Run Behavior\ShowPageTraceBehavior [ RunTime:0.001719s ]
INFO: [ app_end ] --END-- [ RunTime:0.002370s ]

[ 2016-06-13T22:54:34+08:00 ] ::1 /GetHot/
INFO: [ app_init ] --START--
INFO: Run Behavior\BuildLiteBehavior [ RunTime:0.000044s ]
INFO: [ app_init ] --END-- [ RunTime:0.000743s ]
INFO: [ app_begin ] --START--
INFO: Run Behavior\ReadHtmlCacheBehavior [ RunTime:0.000639s ]
INFO: [ app_begin ] --END-- [ RunTime:0.000772s ]
NOTIC: [8192] mysql_connect(): The mysql extension is deprecated and will be removed in the future: use mysqli or PDO instead C:\wamp4\www\GetHot\ThinkPHP\Library\Think\Db\Driver\Mysql.class.php 第 52 行.
SQL: SHOW COLUMNS FROM `gh_sport` [ RunTime:0.004906s ]
SQL: SELECT * FROM `gh_sport` WHERE `type` = '0' AND `status` = '1' AND `time` > '2016-06-13 22:54' ORDER BY time asc LIMIT 0,15   [ RunTime:0.000391s ]
NOTIC: [2] Invalid argument supplied for foreach() C:\wamp4\www\GetHot\Application\Home\Controller\IndexController.class.php 第 19 行.
NOTIC: [8] Undefined variable: newList C:\wamp4\www\GetHot\Application\Home\Controller\IndexController.class.php 第 39 行.
SQL: SELECT * FROM `gh_sport` WHERE `type` = '1' AND `status` = '1' AND `time` > '2016-06-13 22:54' ORDER BY time asc LIMIT 0,15   [ RunTime:0.000426s ]
NOTIC: [2] Invalid argument supplied for foreach() C:\wamp4\www\GetHot\Application\Home\Controller\IndexController.class.php 第 54 行.
NOTIC: [8] Undefined variable: newList C:\wamp4\www\GetHot\Application\Home\Controller\IndexController.class.php 第 73 行.
SQL: SHOW COLUMNS FROM `gh_article` [ RunTime:0.005655s ]
SQL: SELECT * FROM `gh_article` WHERE `type` = '0' ORDER BY id desc LIMIT 0,15   [ RunTime:0.000365s ]
SQL: SELECT * FROM `gh_article` WHERE `type` = '1' ORDER BY id desc LIMIT 0,15   [ RunTime:0.000432s ]
INFO: [ view_parse ] --START--
INFO: [ template_filter ] --START--
INFO: Run Behavior\ContentReplaceBehavior [ RunTime:0.000101s ]
INFO: [ template_filter ] --END-- [ RunTime:0.000225s ]
INFO: Run Behavior\ParseTemplateBehavior [ RunTime:0.015756s ]
INFO: [ view_parse ] --END-- [ RunTime:0.015930s ]
INFO: [ view_filter ] --START--
INFO: Run Behavior\WriteHtmlCacheBehavior [ RunTime:0.000629s ]
INFO: [ view_filter ] --END-- [ RunTime:0.000754s ]
INFO: [ app_end ] --START--
INFO: Run Behavior\ShowPageTraceBehavior [ RunTime:0.000731s ]
INFO: [ app_end ] --END-- [ RunTime:0.000893s ]

[ 2016-06-13T22:54:34+08:00 ] ::1 /GetHot/
INFO: [ app_init ] --START--
INFO: Run Behavior\BuildLiteBehavior [ RunTime:0.000028s ]
INFO: [ app_init ] --END-- [ RunTime:0.000461s ]
INFO: [ app_begin ] --START--
INFO: Run Behavior\ReadHtmlCacheBehavior [ RunTime:0.000525s ]
INFO: [ app_begin ] --END-- [ RunTime:0.000640s ]
NOTIC: [8192] mysql_connect(): The mysql extension is deprecated and will be removed in the future: use mysqli or PDO instead C:\wamp4\www\GetHot\ThinkPHP\Library\Think\Db\Driver\Mysql.class.php 第 52 行.
SQL: SHOW COLUMNS FROM `gh_sport` [ RunTime:0.004799s ]
SQL: SELECT * FROM `gh_sport` WHERE `type` = '0' AND `status` = '1' AND `time` > '2016-06-13 22:54' ORDER BY time asc LIMIT 0,15   [ RunTime:0.000649s ]
NOTIC: [2] Invalid argument supplied for foreach() C:\wamp4\www\GetHot\Application\Home\Controller\IndexController.class.php 第 19 行.
NOTIC: [8] Undefined variable: newList C:\wamp4\www\GetHot\Application\Home\Controller\IndexController.class.php 第 39 行.
SQL: SELECT * FROM `gh_sport` WHERE `type` = '1' AND `status` = '1' AND `time` > '2016-06-13 22:54' ORDER BY time asc LIMIT 0,15   [ RunTime:0.000312s ]
NOTIC: [2] Invalid argument supplied for foreach() C:\wamp4\www\GetHot\Application\Home\Controller\IndexController.class.php 第 54 行.
NOTIC: [8] Undefined variable: newList C:\wamp4\www\GetHot\Application\Home\Controller\IndexController.class.php 第 73 行.
SQL: SHOW COLUMNS FROM `gh_article` [ RunTime:0.003697s ]
SQL: SELECT * FROM `gh_article` WHERE `type` = '0' ORDER BY id desc LIMIT 0,15   [ RunTime:0.000376s ]
SQL: SELECT * FROM `gh_article` WHERE `type` = '1' ORDER BY id desc LIMIT 0,15   [ RunTime:0.000319s ]
INFO: [ view_parse ] --START--
INFO: [ template_filter ] --START--
INFO: Run Behavior\ContentReplaceBehavior [ RunTime:0.000111s ]
INFO: [ template_filter ] --END-- [ RunTime:0.000276s ]
INFO: Run Behavior\ParseTemplateBehavior [ RunTime:0.016282s ]
INFO: [ view_parse ] --END-- [ RunTime:0.016420s ]
INFO: [ view_filter ] --START--
INFO: Run Behavior\WriteHtmlCacheBehavior [ RunTime:0.000364s ]
INFO: [ view_filter ] --END-- [ RunTime:0.000468s ]
INFO: [ app_end ] --START--
INFO: Run Behavior\ShowPageTraceBehavior [ RunTime:0.001400s ]
INFO: [ app_end ] --END-- [ RunTime:0.001734s ]

[ 2016-06-13T22:54:37+08:00 ] ::1 /GetHot/
INFO: [ app_init ] --START--
INFO: Run Behavior\BuildLiteBehavior [ RunTime:0.000048s ]
INFO: [ app_init ] --END-- [ RunTime:0.000964s ]
INFO: [ app_begin ] --START--
INFO: Run Behavior\ReadHtmlCacheBehavior [ RunTime:0.000961s ]
INFO: [ app_begin ] --END-- [ RunTime:0.001179s ]
NOTIC: [8192] mysql_connect(): The mysql extension is deprecated and will be removed in the future: use mysqli or PDO instead C:\wamp4\www\GetHot\ThinkPHP\Library\Think\Db\Driver\Mysql.class.php 第 52 行.
SQL: SHOW COLUMNS FROM `gh_sport` [ RunTime:0.004824s ]
SQL: SELECT * FROM `gh_sport` WHERE `type` = '0' AND `status` = '1' AND `time` > '2016-06-13 22:54' ORDER BY time asc LIMIT 0,15   [ RunTime:0.000446s ]
NOTIC: [2] Invalid argument supplied for foreach() C:\wamp4\www\GetHot\Application\Home\Controller\IndexController.class.php 第 19 行.
NOTIC: [8] Undefined variable: newList C:\wamp4\www\GetHot\Application\Home\Controller\IndexController.class.php 第 39 行.
SQL: SELECT * FROM `gh_sport` WHERE `type` = '1' AND `status` = '1' AND `time` > '2016-06-13 22:54' ORDER BY time asc LIMIT 0,15   [ RunTime:0.000407s ]
NOTIC: [2] Invalid argument supplied for foreach() C:\wamp4\www\GetHot\Application\Home\Controller\IndexController.class.php 第 54 行.
NOTIC: [8] Undefined variable: newList C:\wamp4\www\GetHot\Application\Home\Controller\IndexController.class.php 第 73 行.
SQL: SHOW COLUMNS FROM `gh_article` [ RunTime:0.006063s ]
SQL: SELECT * FROM `gh_article` WHERE `type` = '0' ORDER BY id desc LIMIT 0,15   [ RunTime:0.000439s ]
SQL: SELECT * FROM `gh_article` WHERE `type` = '1' ORDER BY id desc LIMIT 0,15   [ RunTime:0.000380s ]
INFO: [ view_parse ] --START--
INFO: [ template_filter ] --START--
INFO: Run Behavior\ContentReplaceBehavior [ RunTime:0.000116s ]
INFO: [ template_filter ] --END-- [ RunTime:0.000296s ]
INFO: Run Behavior\ParseTemplateBehavior [ RunTime:0.017250s ]
INFO: [ view_parse ] --END-- [ RunTime:0.017388s ]
INFO: [ view_filter ] --START--
INFO: Run Behavior\WriteHtmlCacheBehavior [ RunTime:0.000369s ]
INFO: [ view_filter ] --END-- [ RunTime:0.000474s ]
INFO: [ app_end ] --START--
INFO: Run Behavior\ShowPageTraceBehavior [ RunTime:0.000699s ]
INFO: [ app_end ] --END-- [ RunTime:0.000857s ]

[ 2016-06-13T22:54:37+08:00 ] ::1 /GetHot/
INFO: [ app_init ] --START--
INFO: Run Behavior\BuildLiteBehavior [ RunTime:0.000035s ]
INFO: [ app_init ] --END-- [ RunTime:0.000671s ]
INFO: [ app_begin ] --START--
INFO: Run Behavior\ReadHtmlCacheBehavior [ RunTime:0.000830s ]
INFO: [ app_begin ] --END-- [ RunTime:0.001015s ]
NOTIC: [8192] mysql_connect(): The mysql extension is deprecated and will be removed in the future: use mysqli or PDO instead C:\wamp4\www\GetHot\ThinkPHP\Library\Think\Db\Driver\Mysql.class.php 第 52 行.
SQL: SHOW COLUMNS FROM `gh_sport` [ RunTime:0.003897s ]
SQL: SELECT * FROM `gh_sport` WHERE `type` = '0' AND `status` = '1' AND `time` > '2016-06-13 22:54' ORDER BY time asc LIMIT 0,15   [ RunTime:0.000362s ]
NOTIC: [2] Invalid argument supplied for foreach() C:\wamp4\www\GetHot\Application\Home\Controller\IndexController.class.php 第 19 行.
NOTIC: [8] Undefined variable: newList C:\wamp4\www\GetHot\Application\Home\Controller\IndexController.class.php 第 39 行.
SQL: SELECT * FROM `gh_sport` WHERE `type` = '1' AND `status` = '1' AND `time` > '2016-06-13 22:54' ORDER BY time asc LIMIT 0,15   [ RunTime:0.000382s ]
NOTIC: [2] Invalid argument supplied for foreach() C:\wamp4\www\GetHot\Application\Home\Controller\IndexController.class.php 第 54 行.
NOTIC: [8] Undefined variable: newList C:\wamp4\www\GetHot\Application\Home\Controller\IndexController.class.php 第 73 行.
SQL: SHOW COLUMNS FROM `gh_article` [ RunTime:0.004177s ]
SQL: SELECT * FROM `gh_article` WHERE `type` = '0' ORDER BY id desc LIMIT 0,15   [ RunTime:0.000676s ]
SQL: SELECT * FROM `gh_article` WHERE `type` = '1' ORDER BY id desc LIMIT 0,15   [ RunTime:0.000647s ]
INFO: [ view_parse ] --START--
INFO: [ template_filter ] --START--
INFO: Run Behavior\ContentReplaceBehavior [ RunTime:0.000105s ]
INFO: [ template_filter ] --END-- [ RunTime:0.000236s ]
INFO: Run Behavior\ParseTemplateBehavior [ RunTime:0.013902s ]
INFO: [ view_parse ] --END-- [ RunTime:0.014126s ]
INFO: [ view_filter ] --START--
INFO: Run Behavior\WriteHtmlCacheBehavior [ RunTime:0.000735s ]
INFO: [ view_filter ] --END-- [ RunTime:0.000986s ]
INFO: [ app_end ] --START--
INFO: Run Behavior\ShowPageTraceBehavior [ RunTime:0.000942s ]
INFO: [ app_end ] --END-- [ RunTime:0.001149s ]

[ 2016-06-13T22:54:37+08:00 ] ::1 /GetHot/
INFO: [ app_init ] --START--
INFO: Run Behavior\BuildLiteBehavior [ RunTime:0.000047s ]
INFO: [ app_init ] --END-- [ RunTime:0.000737s ]
INFO: [ app_begin ] --START--
INFO: Run Behavior\ReadHtmlCacheBehavior [ RunTime:0.001387s ]
INFO: [ app_begin ] --END-- [ RunTime:0.001678s ]
NOTIC: [8192] mysql_connect(): The mysql extension is deprecated and will be removed in the future: use mysqli or PDO instead C:\wamp4\www\GetHot\ThinkPHP\Library\Think\Db\Driver\Mysql.class.php 第 52 行.
SQL: SHOW COLUMNS FROM `gh_sport` [ RunTime:0.004473s ]
SQL: SELECT * FROM `gh_sport` WHERE `type` = '0' AND `status` = '1' AND `time` > '2016-06-13 22:54' ORDER BY time asc LIMIT 0,15   [ RunTime:0.000528s ]
NOTIC: [2] Invalid argument supplied for foreach() C:\wamp4\www\GetHot\Application\Home\Controller\IndexController.class.php 第 19 行.
NOTIC: [8] Undefined variable: newList C:\wamp4\www\GetHot\Application\Home\Controller\IndexController.class.php 第 39 行.
SQL: SELECT * FROM `gh_sport` WHERE `type` = '1' AND `status` = '1' AND `time` > '2016-06-13 22:54' ORDER BY time asc LIMIT 0,15   [ RunTime:0.000331s ]
NOTIC: [2] Invalid argument supplied for foreach() C:\wamp4\www\GetHot\Application\Home\Controller\IndexController.class.php 第 54 行.
NOTIC: [8] Undefined variable: newList C:\wamp4\www\GetHot\Application\Home\Controller\IndexController.class.php 第 73 行.
SQL: SHOW COLUMNS FROM `gh_article` [ RunTime:0.005596s ]
SQL: SELECT * FROM `gh_article` WHERE `type` = '0' ORDER BY id desc LIMIT 0,15   [ RunTime:0.000503s ]
SQL: SELECT * FROM `gh_article` WHERE `type` = '1' ORDER BY id desc LIMIT 0,15   [ RunTime:0.000421s ]
INFO: [ view_parse ] --START--
INFO: [ template_filter ] --START--
INFO: Run Behavior\ContentReplaceBehavior [ RunTime:0.000098s ]
INFO: [ template_filter ] --END-- [ RunTime:0.000220s ]
INFO: Run Behavior\ParseTemplateBehavior [ RunTime:0.015044s ]
INFO: [ view_parse ] --END-- [ RunTime:0.015187s ]
INFO: [ view_filter ] --START--
INFO: Run Behavior\WriteHtmlCacheBehavior [ RunTime:0.000537s ]
INFO: [ view_filter ] --END-- [ RunTime:0.000651s ]
INFO: [ app_end ] --START--
INFO: Run Behavior\ShowPageTraceBehavior [ RunTime:0.000916s ]
INFO: [ app_end ] --END-- [ RunTime:0.001083s ]

[ 2016-06-13T22:54:38+08:00 ] ::1 /GetHot/
INFO: [ app_init ] --START--
INFO: Run Behavior\BuildLiteBehavior [ RunTime:0.000039s ]
INFO: [ app_init ] --END-- [ RunTime:0.000588s ]
INFO: [ app_begin ] --START--
INFO: Run Behavior\ReadHtmlCacheBehavior [ RunTime:0.000592s ]
INFO: [ app_begin ] --END-- [ RunTime:0.000720s ]
NOTIC: [8192] mysql_connect(): The mysql extension is deprecated and will be removed in the future: use mysqli or PDO instead C:\wamp4\www\GetHot\ThinkPHP\Library\Think\Db\Driver\Mysql.class.php 第 52 行.
SQL: SHOW COLUMNS FROM `gh_sport` [ RunTime:0.007219s ]
SQL: SELECT * FROM `gh_sport` WHERE `type` = '0' AND `status` = '1' AND `time` > '2016-06-13 22:54' ORDER BY time asc LIMIT 0,15   [ RunTime:0.000434s ]
NOTIC: [2] Invalid argument supplied for foreach() C:\wamp4\www\GetHot\Application\Home\Controller\IndexController.class.php 第 19 行.
NOTIC: [8] Undefined variable: newList C:\wamp4\www\GetHot\Application\Home\Controller\IndexController.class.php 第 39 行.
SQL: SELECT * FROM `gh_sport` WHERE `type` = '1' AND `status` = '1' AND `time` > '2016-06-13 22:54' ORDER BY time asc LIMIT 0,15   [ RunTime:0.000329s ]
NOTIC: [2] Invalid argument supplied for foreach() C:\wamp4\www\GetHot\Application\Home\Controller\IndexController.class.php 第 54 行.
NOTIC: [8] Undefined variable: newList C:\wamp4\www\GetHot\Application\Home\Controller\IndexController.class.php 第 73 行.
SQL: SHOW COLUMNS FROM `gh_article` [ RunTime:0.004006s ]
SQL: SELECT * FROM `gh_article` WHERE `type` = '0' ORDER BY id desc LIMIT 0,15   [ RunTime:0.000430s ]
SQL: SELECT * FROM `gh_article` WHERE `type` = '1' ORDER BY id desc LIMIT 0,15   [ RunTime:0.000341s ]
INFO: [ view_parse ] --START--
INFO: [ template_filter ] --START--
INFO: Run Behavior\ContentReplaceBehavior [ RunTime:0.000101s ]
INFO: [ template_filter ] --END-- [ RunTime:0.000227s ]
INFO: Run Behavior\ParseTemplateBehavior [ RunTime:0.014267s ]
INFO: [ view_parse ] --END-- [ RunTime:0.014950s ]
INFO: [ view_filter ] --START--
INFO: Run Behavior\WriteHtmlCacheBehavior [ RunTime:0.000658s ]
INFO: [ view_filter ] --END-- [ RunTime:0.000803s ]
INFO: [ app_end ] --START--
INFO: Run Behavior\ShowPageTraceBehavior [ RunTime:0.002223s ]
INFO: [ app_end ] --END-- [ RunTime:0.002580s ]

[ 2016-06-13T22:54:38+08:00 ] ::1 /GetHot/
INFO: [ app_init ] --START--
INFO: Run Behavior\BuildLiteBehavior [ RunTime:0.000028s ]
INFO: [ app_init ] --END-- [ RunTime:0.000532s ]
INFO: [ app_begin ] --START--
INFO: Run Behavior\ReadHtmlCacheBehavior [ RunTime:0.000659s ]
INFO: [ app_begin ] --END-- [ RunTime:0.000801s ]
NOTIC: [8192] mysql_connect(): The mysql extension is deprecated and will be removed in the future: use mysqli or PDO instead C:\wamp4\www\GetHot\ThinkPHP\Library\Think\Db\Driver\Mysql.class.php 第 52 行.
SQL: SHOW COLUMNS FROM `gh_sport` [ RunTime:0.006361s ]
SQL: SELECT * FROM `gh_sport` WHERE `type` = '0' AND `status` = '1' AND `time` > '2016-06-13 22:54' ORDER BY time asc LIMIT 0,15   [ RunTime:0.000566s ]
NOTIC: [2] Invalid argument supplied for foreach() C:\wamp4\www\GetHot\Application\Home\Controller\IndexController.class.php 第 19 行.
NOTIC: [8] Undefined variable: newList C:\wamp4\www\GetHot\Application\Home\Controller\IndexController.class.php 第 39 行.
SQL: SELECT * FROM `gh_sport` WHERE `type` = '1' AND `status` = '1' AND `time` > '2016-06-13 22:54' ORDER BY time asc LIMIT 0,15   [ RunTime:0.000484s ]
NOTIC: [2] Invalid argument supplied for foreach() C:\wamp4\www\GetHot\Application\Home\Controller\IndexController.class.php 第 54 行.
NOTIC: [8] Undefined variable: newList C:\wamp4\www\GetHot\Application\Home\Controller\IndexController.class.php 第 73 行.
SQL: SHOW COLUMNS FROM `gh_article` [ RunTime:0.003862s ]
SQL: SELECT * FROM `gh_article` WHERE `type` = '0' ORDER BY id desc LIMIT 0,15   [ RunTime:0.000451s ]
SQL: SELECT * FROM `gh_article` WHERE `type` = '1' ORDER BY id desc LIMIT 0,15   [ RunTime:0.000322s ]
INFO: [ view_parse ] --START--
INFO: [ template_filter ] --START--
INFO: Run Behavior\ContentReplaceBehavior [ RunTime:0.000100s ]
INFO: [ template_filter ] --END-- [ RunTime:0.000240s ]
INFO: Run Behavior\ParseTemplateBehavior [ RunTime:0.014843s ]
INFO: [ view_parse ] --END-- [ RunTime:0.014984s ]
INFO: [ view_filter ] --START--
INFO: Run Behavior\WriteHtmlCacheBehavior [ RunTime:0.000430s ]
INFO: [ view_filter ] --END-- [ RunTime:0.000543s ]
INFO: [ app_end ] --START--
INFO: Run Behavior\ShowPageTraceBehavior [ RunTime:0.000886s ]
INFO: [ app_end ] --END-- [ RunTime:0.001055s ]

[ 2016-06-13T22:56:50+08:00 ] ::1 /GetHot/
INFO: [ app_init ] --START--
INFO: Run Behavior\BuildLiteBehavior [ RunTime:0.000027s ]
INFO: [ app_init ] --END-- [ RunTime:0.000608s ]
INFO: [ app_begin ] --START--
INFO: Run Behavior\ReadHtmlCacheBehavior [ RunTime:0.001063s ]
INFO: [ app_begin ] --END-- [ RunTime:0.001265s ]
NOTIC: [8192] mysql_connect(): The mysql extension is deprecated and will be removed in the future: use mysqli or PDO instead C:\wamp4\www\GetHot\ThinkPHP\Library\Think\Db\Driver\Mysql.class.php 第 52 行.
SQL: SHOW COLUMNS FROM `gh_sport` [ RunTime:0.004831s ]
SQL: SELECT * FROM `gh_sport` WHERE `type` = '0' AND `status` = '1' AND `time` > '2016-06-13 22:56' ORDER BY time asc LIMIT 0,15   [ RunTime:0.000395s ]
NOTIC: [2] Invalid argument supplied for foreach() C:\wamp4\www\GetHot\Application\Home\Controller\IndexController.class.php 第 19 行.
NOTIC: [8] Undefined variable: newList C:\wamp4\www\GetHot\Application\Home\Controller\IndexController.class.php 第 39 行.
SQL: SELECT * FROM `gh_sport` WHERE `type` = '1' AND `status` = '1' AND `time` > '2016-06-13 22:56' ORDER BY time asc LIMIT 0,15   [ RunTime:0.000290s ]
NOTIC: [2] Invalid argument supplied for foreach() C:\wamp4\www\GetHot\Application\Home\Controller\IndexController.class.php 第 54 行.
NOTIC: [8] Undefined variable: newList C:\wamp4\www\GetHot\Application\Home\Controller\IndexController.class.php 第 73 行.
SQL: SHOW COLUMNS FROM `gh_article` [ RunTime:0.003835s ]
SQL: SELECT * FROM `gh_article` WHERE `type` = '0' ORDER BY id desc LIMIT 0,15   [ RunTime:0.000391s ]
SQL: SELECT * FROM `gh_article` WHERE `type` = '1' ORDER BY id desc LIMIT 0,15   [ RunTime:0.000311s ]
INFO: [ view_parse ] --START--
INFO: [ template_filter ] --START--
INFO: Run Behavior\ContentReplaceBehavior [ RunTime:0.000097s ]
INFO: [ template_filter ] --END-- [ RunTime:0.000213s ]
INFO: Run Behavior\ParseTemplateBehavior [ RunTime:0.014773s ]
INFO: [ view_parse ] --END-- [ RunTime:0.014969s ]
INFO: [ view_filter ] --START--
INFO: Run Behavior\WriteHtmlCacheBehavior [ RunTime:0.000523s ]
INFO: [ view_filter ] --END-- [ RunTime:0.000625s ]
INFO: [ app_end ] --START--
INFO: Run Behavior\ShowPageTraceBehavior [ RunTime:0.000925s ]
INFO: [ app_end ] --END-- [ RunTime:0.001083s ]

[ 2016-06-13T22:57:11+08:00 ] ::1 /Gethot/
INFO: [ app_init ] --START--
INFO: Run Behavior\BuildLiteBehavior [ RunTime:0.000027s ]
INFO: [ app_init ] --END-- [ RunTime:0.000550s ]
INFO: [ app_begin ] --START--
INFO: Run Behavior\ReadHtmlCacheBehavior [ RunTime:0.001201s ]
INFO: [ app_begin ] --END-- [ RunTime:0.001436s ]
NOTIC: [8192] mysql_connect(): The mysql extension is deprecated and will be removed in the future: use mysqli or PDO instead C:\wamp4\www\GetHot\ThinkPHP\Library\Think\Db\Driver\Mysql.class.php 第 52 行.
SQL: SHOW COLUMNS FROM `gh_sport` [ RunTime:0.004907s ]
SQL: SELECT * FROM `gh_sport` WHERE `type` = '0' AND `status` = '1' AND `time` > '2016-06-13 22:57' ORDER BY time asc LIMIT 0,15   [ RunTime:0.000500s ]
NOTIC: [2] Invalid argument supplied for foreach() C:\wamp4\www\GetHot\Application\Home\Controller\IndexController.class.php 第 19 行.
NOTIC: [8] Undefined variable: newList C:\wamp4\www\GetHot\Application\Home\Controller\IndexController.class.php 第 39 行.
SQL: SELECT * FROM `gh_sport` WHERE `type` = '1' AND `status` = '1' AND `time` > '2016-06-13 22:57' ORDER BY time asc LIMIT 0,15   [ RunTime:0.000344s ]
NOTIC: [2] Invalid argument supplied for foreach() C:\wamp4\www\GetHot\Application\Home\Controller\IndexController.class.php 第 54 行.
NOTIC: [8] Undefined variable: newList C:\wamp4\www\GetHot\Application\Home\Controller\IndexController.class.php 第 73 行.
SQL: SHOW COLUMNS FROM `gh_article` [ RunTime:0.004030s ]
SQL: SELECT * FROM `gh_article` WHERE `type` = '0' ORDER BY id desc LIMIT 0,15   [ RunTime:0.000449s ]
SQL: SELECT * FROM `gh_article` WHERE `type` = '1' ORDER BY id desc LIMIT 0,15   [ RunTime:0.000319s ]
INFO: [ view_parse ] --START--
INFO: [ template_filter ] --START--
INFO: Run Behavior\ContentReplaceBehavior [ RunTime:0.000098s ]
INFO: [ template_filter ] --END-- [ RunTime:0.000217s ]
INFO: Run Behavior\ParseTemplateBehavior [ RunTime:0.024850s ]
INFO: [ view_parse ] --END-- [ RunTime:0.025072s ]
INFO: [ view_filter ] --START--
INFO: Run Behavior\WriteHtmlCacheBehavior [ RunTime:0.000550s ]
INFO: [ view_filter ] --END-- [ RunTime:0.000657s ]
INFO: [ app_end ] --START--
INFO: Run Behavior\ShowPageTraceBehavior [ RunTime:0.001289s ]
INFO: [ app_end ] --END-- [ RunTime:0.001490s ]

[ 2016-06-13T22:58:10+08:00 ] ::1 /GetHot/index.php?Home/Index/index
INFO: [ app_init ] --START--
INFO: Run Behavior\BuildLiteBehavior [ RunTime:0.000031s ]
INFO: [ app_init ] --END-- [ RunTime:0.000675s ]
INFO: [ app_begin ] --START--
INFO: Run Behavior\ReadHtmlCacheBehavior [ RunTime:0.000800s ]
INFO: [ app_begin ] --END-- [ RunTime:0.000938s ]
NOTIC: [8192] mysql_connect(): The mysql extension is deprecated and will be removed in the future: use mysqli or PDO instead C:\wamp4\www\GetHot\ThinkPHP\Library\Think\Db\Driver\Mysql.class.php 第 52 行.
SQL: SHOW COLUMNS FROM `gh_sport` [ RunTime:0.003644s ]
SQL: SELECT * FROM `gh_sport` WHERE `type` = '0' AND `status` = '1' AND `time` > '2016-06-13 22:58' ORDER BY time asc LIMIT 0,15   [ RunTime:0.000531s ]
NOTIC: [2] Invalid argument supplied for foreach() C:\wamp4\www\GetHot\Application\Home\Controller\IndexController.class.php 第 19 行.
NOTIC: [8] Undefined variable: newList C:\wamp4\www\GetHot\Application\Home\Controller\IndexController.class.php 第 39 行.
SQL: SELECT * FROM `gh_sport` WHERE `type` = '1' AND `status` = '1' AND `time` > '2016-06-13 22:58' ORDER BY time asc LIMIT 0,15   [ RunTime:0.000347s ]
NOTIC: [2] Invalid argument supplied for foreach() C:\wamp4\www\GetHot\Application\Home\Controller\IndexController.class.php 第 54 行.
NOTIC: [8] Undefined variable: newList C:\wamp4\www\GetHot\Application\Home\Controller\IndexController.class.php 第 73 行.
SQL: SHOW COLUMNS FROM `gh_article` [ RunTime:0.004469s ]
SQL: SELECT * FROM `gh_article` WHERE `type` = '0' ORDER BY id desc LIMIT 0,15   [ RunTime:0.000407s ]
SQL: SELECT * FROM `gh_article` WHERE `type` = '1' ORDER BY id desc LIMIT 0,15   [ RunTime:0.000323s ]
INFO: [ view_parse ] --START--
INFO: [ template_filter ] --START--
INFO: Run Behavior\ContentReplaceBehavior [ RunTime:0.000112s ]
INFO: [ template_filter ] --END-- [ RunTime:0.000262s ]
INFO: Run Behavior\ParseTemplateBehavior [ RunTime:0.015557s ]
INFO: [ view_parse ] --END-- [ RunTime:0.015689s ]
INFO: [ view_filter ] --START--
INFO: Run Behavior\WriteHtmlCacheBehavior [ RunTime:0.000456s ]
INFO: [ view_filter ] --END-- [ RunTime:0.000556s ]
INFO: [ app_end ] --START--
INFO: Run Behavior\ShowPageTraceBehavior [ RunTime:0.000945s ]
INFO: [ app_end ] --END-- [ RunTime:0.001096s ]

[ 2016-06-13T22:58:16+08:00 ] ::1 /GetHot/index.php
INFO: [ app_init ] --START--
INFO: Run Behavior\BuildLiteBehavior [ RunTime:0.000048s ]
INFO: [ app_init ] --END-- [ RunTime:0.000774s ]
INFO: [ app_begin ] --START--
INFO: Run Behavior\ReadHtmlCacheBehavior [ RunTime:0.000834s ]
INFO: [ app_begin ] --END-- [ RunTime:0.001044s ]
NOTIC: [8192] mysql_connect(): The mysql extension is deprecated and will be removed in the future: use mysqli or PDO instead C:\wamp4\www\GetHot\ThinkPHP\Library\Think\Db\Driver\Mysql.class.php 第 52 行.
SQL: SHOW COLUMNS FROM `gh_sport` [ RunTime:0.004073s ]
SQL: SELECT * FROM `gh_sport` WHERE `type` = '0' AND `status` = '1' AND `time` > '2016-06-13 22:58' ORDER BY time asc LIMIT 0,15   [ RunTime:0.000421s ]
NOTIC: [2] Invalid argument supplied for foreach() C:\wamp4\www\GetHot\Application\Home\Controller\IndexController.class.php 第 19 行.
NOTIC: [8] Undefined variable: newList C:\wamp4\www\GetHot\Application\Home\Controller\IndexController.class.php 第 39 行.
SQL: SELECT * FROM `gh_sport` WHERE `type` = '1' AND `status` = '1' AND `time` > '2016-06-13 22:58' ORDER BY time asc LIMIT 0,15   [ RunTime:0.000349s ]
NOTIC: [2] Invalid argument supplied for foreach() C:\wamp4\www\GetHot\Application\Home\Controller\IndexController.class.php 第 54 行.
NOTIC: [8] Undefined variable: newList C:\wamp4\www\GetHot\Application\Home\Controller\IndexController.class.php 第 73 行.
SQL: SHOW COLUMNS FROM `gh_article` [ RunTime:0.004973s ]
SQL: SELECT * FROM `gh_article` WHERE `type` = '0' ORDER BY id desc LIMIT 0,15   [ RunTime:0.000412s ]
SQL: SELECT * FROM `gh_article` WHERE `type` = '1' ORDER BY id desc LIMIT 0,15   [ RunTime:0.000516s ]
INFO: [ view_parse ] --START--
INFO: [ template_filter ] --START--
INFO: Run Behavior\ContentReplaceBehavior [ RunTime:0.000155s ]
INFO: [ template_filter ] --END-- [ RunTime:0.000345s ]
INFO: Run Behavior\ParseTemplateBehavior [ RunTime:0.018721s ]
INFO: [ view_parse ] --END-- [ RunTime:0.018904s ]
INFO: [ view_filter ] --START--
INFO: Run Behavior\WriteHtmlCacheBehavior [ RunTime:0.000389s ]
INFO: [ view_filter ] --END-- [ RunTime:0.000491s ]
INFO: [ app_end ] --START--
INFO: Run Behavior\ShowPageTraceBehavior [ RunTime:0.000886s ]
INFO: [ app_end ] --END-- [ RunTime:0.001090s ]

